{"/home/runner/work/mobile-ai-story/mobile-ai-story/components/Collapsible.tsx": {"path":"/home/runner/work/mobile-ai-story/mobile-ai-story/components/Collapsible.tsx","statementMap":{"0":{"start":{"line":10,"column":30},"end":{"line":10,"column":45}},"1":{"start":{"line":11,"column":22},"end":{"line":11,"column":46}},"2":{"start":{"line":13,"column":2},"end":{"line":30,"column":4}},"3":{"start":{"line":16,"column":30},"end":{"line":16,"column":75}},"4":{"start":{"line":17,"column":23},"end":{"line":17,"column":51}},"5":{"start":{"line":17,"column":44},"end":{"line":17,"column":50}},"6":{"start":{"line":33,"column":15},"end":{"line":43,"column":2}}},"fnMap":{"0":{"name":"Collapsible","decl":{"start":{"line":9,"column":16},"end":{"line":9,"column":27}},"loc":{"start":{"line":9,"column":88},"end":{"line":31,"column":1}},"line":9},"1":{"name":"(anonymous_1)","decl":{"start":{"line":16,"column":15},"end":{"line":16,"column":16}},"loc":{"start":{"line":16,"column":30},"end":{"line":16,"column":75}},"line":16},"2":{"name":"(anonymous_2)","decl":{"start":{"line":17,"column":17},"end":{"line":17,"column":18}},"loc":{"start":{"line":17,"column":23},"end":{"line":17,"column":51}},"line":17},"3":{"name":"(anonymous_3)","decl":{"start":{"line":17,"column":33},"end":{"line":17,"column":34}},"loc":{"start":{"line":17,"column":44},"end":{"line":17,"column":50}},"line":17}},"branchMap":{"0":{"loc":{"start":{"line":16,"column":47},"end":{"line":16,"column":74}},"type":"binary-expr","locations":[{"start":{"line":16,"column":47},"end":{"line":16,"column":54}},{"start":{"line":16,"column":58},"end":{"line":16,"column":74}}],"line":16},"1":{"loc":{"start":{"line":23,"column":41},"end":{"line":23,"column":66}},"type":"cond-expr","locations":[{"start":{"line":23,"column":50},"end":{"line":23,"column":57}},{"start":{"line":23,"column":60},"end":{"line":23,"column":66}}],"line":23},"2":{"loc":{"start":{"line":28,"column":7},"end":{"line":28,"column":75}},"type":"binary-expr","locations":[{"start":{"line":28,"column":7},"end":{"line":28,"column":13}},{"start":{"line":28,"column":17},"end":{"line":28,"column":75}}],"line":28}},"s":{"0":0,"1":0,"2":0,"3":0,"4":0,"5":0,"6":0},"f":{"0":0,"1":0,"2":0,"3":0},"b":{"0":[0,0],"1":[0,0],"2":[0,0]}}
,"/home/runner/work/mobile-ai-story/mobile-ai-story/components/CreateThreadBox.tsx": {"path":"/home/runner/work/mobile-ai-story/mobile-ai-story/components/CreateThreadBox.tsx","statementMap":{"0":{"start":{"line":21,"column":19},"end":{"line":24,"column":1}},"1":{"start":{"line":26,"column":21},"end":{"line":26,"column":48}},"2":{"start":{"line":28,"column":15},"end":{"line":34,"column":1}},"3":{"start":{"line":36,"column":18},"end":{"line":42,"column":2}},"4":{"start":{"line":44,"column":35},"end":{"line":273,"column":1}},"5":{"start":{"line":45,"column":21},"end":{"line":45,"column":31}},"6":{"start":{"line":47,"column":36},"end":{"line":47,"column":48}},"7":{"start":{"line":48,"column":36},"end":{"line":48,"column":55}},"8":{"start":{"line":49,"column":40},"end":{"line":49,"column":57}},"9":{"start":{"line":50,"column":44},"end":{"line":50,"column":59}},"10":{"start":{"line":51,"column":28},"end":{"line":51,"column":57}},"11":{"start":{"line":52,"column":38},"end":{"line":52,"column":50}},"12":{"start":{"line":53,"column":32},"end":{"line":53,"column":44}},"13":{"start":{"line":54,"column":32},"end":{"line":54,"column":47}},"14":{"start":{"line":55,"column":36},"end":{"line":55,"column":60}},"15":{"start":{"line":57,"column":21},"end":{"line":57,"column":83}},"16":{"start":{"line":59,"column":27},"end":{"line":59,"column":48}},"17":{"start":{"line":61,"column":26},"end":{"line":86,"column":3}},"18":{"start":{"line":62,"column":4},"end":{"line":62,"column":21}},"19":{"start":{"line":63,"column":4},"end":{"line":85,"column":5}},"20":{"start":{"line":64,"column":22},"end":{"line":73,"column":7}},"21":{"start":{"line":67,"column":46},"end":{"line":67,"column":65}},"22":{"start":{"line":72,"column":41},"end":{"line":72,"column":62}},"23":{"start":{"line":74,"column":23},"end":{"line":74,"column":50}},"24":{"start":{"line":77,"column":6},"end":{"line":79,"column":7}},"25":{"start":{"line":78,"column":8},"end":{"line":78,"column":98}},"26":{"start":{"line":82,"column":6},"end":{"line":82,"column":27}},"27":{"start":{"line":84,"column":6},"end":{"line":84,"column":24}},"28":{"start":{"line":88,"column":2},"end":{"line":272,"column":4}},"29":{"start":{"line":134,"column":12},"end":{"line":152,"column":24}},"30":{"start":{"line":140,"column":29},"end":{"line":140,"column":48}},"31":{"start":{"line":157,"column":12},"end":{"line":174,"column":24}},"32":{"start":{"line":163,"column":29},"end":{"line":163,"column":46}},"33":{"start":{"line":181,"column":25},"end":{"line":181,"column":57}},"34":{"start":{"line":201,"column":16},"end":{"line":211,"column":28}},"35":{"start":{"line":207,"column":33},"end":{"line":207,"column":48}},"36":{"start":{"line":241,"column":16},"end":{"line":251,"column":28}},"37":{"start":{"line":247,"column":33},"end":{"line":247,"column":54}},"38":{"start":{"line":277,"column":15},"end":{"line":427,"column":2}}},"fnMap":{"0":{"name":"(anonymous_0)","decl":{"start":{"line":44,"column":35},"end":{"line":44,"column":36}},"loc":{"start":{"line":44,"column":41},"end":{"line":273,"column":1}},"line":44},"1":{"name":"(anonymous_1)","decl":{"start":{"line":61,"column":26},"end":{"line":61,"column":27}},"loc":{"start":{"line":61,"column":38},"end":{"line":86,"column":3}},"line":61},"2":{"name":"(anonymous_2)","decl":{"start":{"line":67,"column":39},"end":{"line":67,"column":40}},"loc":{"start":{"line":67,"column":46},"end":{"line":67,"column":65}},"line":67},"3":{"name":"(anonymous_3)","decl":{"start":{"line":72,"column":34},"end":{"line":72,"column":35}},"loc":{"start":{"line":72,"column":41},"end":{"line":72,"column":62}},"line":72},"4":{"name":"(anonymous_4)","decl":{"start":{"line":133,"column":26},"end":{"line":133,"column":27}},"loc":{"start":{"line":134,"column":12},"end":{"line":152,"column":24}},"line":134},"5":{"name":"(anonymous_5)","decl":{"start":{"line":140,"column":23},"end":{"line":140,"column":24}},"loc":{"start":{"line":140,"column":29},"end":{"line":140,"column":48}},"line":140},"6":{"name":"(anonymous_6)","decl":{"start":{"line":156,"column":28},"end":{"line":156,"column":29}},"loc":{"start":{"line":157,"column":12},"end":{"line":174,"column":24}},"line":157},"7":{"name":"(anonymous_7)","decl":{"start":{"line":163,"column":23},"end":{"line":163,"column":24}},"loc":{"start":{"line":163,"column":29},"end":{"line":163,"column":46}},"line":163},"8":{"name":"(anonymous_8)","decl":{"start":{"line":181,"column":19},"end":{"line":181,"column":20}},"loc":{"start":{"line":181,"column":25},"end":{"line":181,"column":57}},"line":181},"9":{"name":"(anonymous_9)","decl":{"start":{"line":200,"column":26},"end":{"line":200,"column":27}},"loc":{"start":{"line":201,"column":16},"end":{"line":211,"column":28}},"line":201},"10":{"name":"(anonymous_10)","decl":{"start":{"line":207,"column":27},"end":{"line":207,"column":28}},"loc":{"start":{"line":207,"column":33},"end":{"line":207,"column":48}},"line":207},"11":{"name":"(anonymous_11)","decl":{"start":{"line":240,"column":29},"end":{"line":240,"column":30}},"loc":{"start":{"line":241,"column":16},"end":{"line":251,"column":28}},"line":241},"12":{"name":"(anonymous_12)","decl":{"start":{"line":247,"column":27},"end":{"line":247,"column":28}},"loc":{"start":{"line":247,"column":33},"end":{"line":247,"column":54}},"line":247}},"branchMap":{"0":{"loc":{"start":{"line":59,"column":27},"end":{"line":59,"column":48}},"type":"binary-expr","locations":[{"start":{"line":59,"column":27},"end":{"line":59,"column":37}},{"start":{"line":59,"column":41},"end":{"line":59,"column":48}}],"line":59},"1":{"loc":{"start":{"line":67,"column":23},"end":{"line":67,"column":78}},"type":"binary-expr","locations":[{"start":{"line":67,"column":23},"end":{"line":67,"column":73}},{"start":{"line":67,"column":77},"end":{"line":67,"column":78}}],"line":67},"2":{"loc":{"start":{"line":77,"column":6},"end":{"line":79,"column":7}},"type":"if","locations":[{"start":{"line":77,"column":6},"end":{"line":79,"column":7}},{"start":{},"end":{}}],"line":77},"3":{"loc":{"start":{"line":77,"column":10},"end":{"line":77,"column":43}},"type":"binary-expr","locations":[{"start":{"line":77,"column":10},"end":{"line":77,"column":23}},{"start":{"line":77,"column":27},"end":{"line":77,"column":43}}],"line":77},"4":{"loc":{"start":{"line":91,"column":16},"end":{"line":91,"column":60}},"type":"cond-expr","locations":[{"start":{"line":91,"column":40},"end":{"line":91,"column":49}},{"start":{"line":91,"column":52},"end":{"line":91,"column":60}}],"line":91},"5":{"loc":{"start":{"line":138,"column":16},"end":{"line":138,"column":62}},"type":"binary-expr","locations":[{"start":{"line":138,"column":16},"end":{"line":138,"column":35}},{"start":{"line":138,"column":39},"end":{"line":138,"column":62}}],"line":138},"6":{"loc":{"start":{"line":144,"column":15},"end":{"line":151,"column":15}},"type":"binary-expr","locations":[{"start":{"line":144,"column":15},"end":{"line":144,"column":34}},{"start":{"line":145,"column":16},"end":{"line":150,"column":18}}],"line":144},"7":{"loc":{"start":{"line":155,"column":9},"end":{"line":176,"column":15}},"type":"binary-expr","locations":[{"start":{"line":155,"column":9},"end":{"line":155,"column":30}},{"start":{"line":155,"column":34},"end":{"line":176,"column":15}}],"line":155},"8":{"loc":{"start":{"line":161,"column":16},"end":{"line":161,"column":60}},"type":"binary-expr","locations":[{"start":{"line":161,"column":16},"end":{"line":161,"column":33}},{"start":{"line":161,"column":37},"end":{"line":161,"column":60}}],"line":161},"9":{"loc":{"start":{"line":166,"column":15},"end":{"line":173,"column":15}},"type":"binary-expr","locations":[{"start":{"line":166,"column":15},"end":{"line":166,"column":32}},{"start":{"line":167,"column":16},"end":{"line":172,"column":18}}],"line":166},"10":{"loc":{"start":{"line":186,"column":18},"end":{"line":186,"column":63}},"type":"cond-expr","locations":[{"start":{"line":186,"column":34},"end":{"line":186,"column":46}},{"start":{"line":186,"column":49},"end":{"line":186,"column":63}}],"line":186},"11":{"loc":{"start":{"line":191,"column":9},"end":{"line":255,"column":9}},"type":"binary-expr","locations":[{"start":{"line":191,"column":9},"end":{"line":191,"column":22}},{"start":{"line":192,"column":10},"end":{"line":254,"column":17}}],"line":191},"12":{"loc":{"start":{"line":205,"column":20},"end":{"line":205,"column":61}},"type":"binary-expr","locations":[{"start":{"line":205,"column":20},"end":{"line":205,"column":35}},{"start":{"line":205,"column":39},"end":{"line":205,"column":61}}],"line":205},"13":{"loc":{"start":{"line":245,"column":20},"end":{"line":245,"column":67}},"type":"binary-expr","locations":[{"start":{"line":245,"column":20},"end":{"line":245,"column":41}},{"start":{"line":245,"column":45},"end":{"line":245,"column":67}}],"line":245},"14":{"loc":{"start":{"line":261,"column":12},"end":{"line":261,"column":61}},"type":"binary-expr","locations":[{"start":{"line":261,"column":12},"end":{"line":261,"column":28}},{"start":{"line":261,"column":32},"end":{"line":261,"column":61}}],"line":261},"15":{"loc":{"start":{"line":267,"column":13},"end":{"line":267,"column":57}},"type":"cond-expr","locations":[{"start":{"line":267,"column":23},"end":{"line":267,"column":38}},{"start":{"line":267,"column":41},"end":{"line":267,"column":57}}],"line":267}},"s":{"0":0,"1":0,"2":0,"3":0,"4":0,"5":0,"6":0,"7":0,"8":0,"9":0,"10":0,"11":0,"12":0,"13":0,"14":0,"15":0,"16":0,"17":0,"18":0,"19":0,"20":0,"21":0,"22":0,"23":0,"24":0,"25":0,"26":0,"27":0,"28":0,"29":0,"30":0,"31":0,"32":0,"33":0,"34":0,"35":0,"36":0,"37":0,"38":0},"f":{"0":0,"1":0,"2":0,"3":0,"4":0,"5":0,"6":0,"7":0,"8":0,"9":0,"10":0,"11":0,"12":0},"b":{"0":[0,0],"1":[0,0],"2":[0,0],"3":[0,0],"4":[0,0],"5":[0,0],"6":[0,0],"7":[0,0],"8":[0,0],"9":[0,0],"10":[0,0],"11":[0,0],"12":[0,0],"13":[0,0],"14":[0,0],"15":[0,0]}}
,"/home/runner/work/mobile-ai-story/mobile-ai-story/components/DiamondBox.tsx": {"path":"/home/runner/work/mobile-ai-story/mobile-ai-story/components/DiamondBox.tsx","statementMap":{"0":{"start":{"line":11,"column":36},"end":{"line":24,"column":1}},"1":{"start":{"line":12,"column":2},"end":{"line":23,"column":4}},"2":{"start":{"line":14,"column":30},"end":{"line":17,"column":7}},"3":{"start":{"line":28,"column":15},"end":{"line":45,"column":2}}},"fnMap":{"0":{"name":"(anonymous_0)","decl":{"start":{"line":11,"column":36},"end":{"line":11,"column":37}},"loc":{"start":{"line":11,"column":62},"end":{"line":24,"column":1}},"line":11},"1":{"name":"(anonymous_1)","decl":{"start":{"line":14,"column":13},"end":{"line":14,"column":14}},"loc":{"start":{"line":14,"column":30},"end":{"line":17,"column":7}},"line":14}},"branchMap":{"0":{"loc":{"start":{"line":16,"column":8},"end":{"line":16,"column":35}},"type":"binary-expr","locations":[{"start":{"line":16,"column":8},"end":{"line":16,"column":15}},{"start":{"line":16,"column":19},"end":{"line":16,"column":35}}],"line":16},"1":{"loc":{"start":{"line":21,"column":42},"end":{"line":21,"column":54}},"type":"binary-expr","locations":[{"start":{"line":21,"column":42},"end":{"line":21,"column":49}},{"start":{"line":21,"column":53},"end":{"line":21,"column":54}}],"line":21}},"s":{"0":0,"1":0,"2":0,"3":0},"f":{"0":0,"1":0},"b":{"0":[0,0],"1":[0,0]}}
,"/home/runner/work/mobile-ai-story/mobile-ai-story/components/ExternalLink.tsx": {"path":"/home/runner/work/mobile-ai-story/mobile-ai-story/components/ExternalLink.tsx","statementMap":{"0":{"start":{"line":9,"column":2},"end":{"line":23,"column":4}},"1":{"start":{"line":15,"column":8},"end":{"line":20,"column":9}},"2":{"start":{"line":17,"column":10},"end":{"line":17,"column":33}},"3":{"start":{"line":19,"column":10},"end":{"line":19,"column":39}}},"fnMap":{"0":{"name":"ExternalLink","decl":{"start":{"line":8,"column":16},"end":{"line":8,"column":28}},"loc":{"start":{"line":8,"column":55},"end":{"line":24,"column":1}},"line":8},"1":{"name":"(anonymous_1)","decl":{"start":{"line":14,"column":15},"end":{"line":14,"column":16}},"loc":{"start":{"line":14,"column":32},"end":{"line":21,"column":7}},"line":14}},"branchMap":{"0":{"loc":{"start":{"line":15,"column":8},"end":{"line":20,"column":9}},"type":"if","locations":[{"start":{"line":15,"column":8},"end":{"line":20,"column":9}},{"start":{},"end":{}}],"line":15}},"s":{"0":0,"1":0,"2":0,"3":0},"f":{"0":0,"1":0},"b":{"0":[0,0]}}
,"/home/runner/work/mobile-ai-story/mobile-ai-story/components/HapticTab.tsx": {"path":"/home/runner/work/mobile-ai-story/mobile-ai-story/components/HapticTab.tsx","statementMap":{"0":{"start":{"line":6,"column":2},"end":{"line":17,"column":4}},"1":{"start":{"line":10,"column":8},"end":{"line":13,"column":9}},"2":{"start":{"line":12,"column":10},"end":{"line":12,"column":65}},"3":{"start":{"line":14,"column":8},"end":{"line":14,"column":30}}},"fnMap":{"0":{"name":"HapticTab","decl":{"start":{"line":5,"column":16},"end":{"line":5,"column":25}},"loc":{"start":{"line":5,"column":58},"end":{"line":18,"column":1}},"line":5},"1":{"name":"(anonymous_1)","decl":{"start":{"line":9,"column":17},"end":{"line":9,"column":18}},"loc":{"start":{"line":9,"column":25},"end":{"line":15,"column":7}},"line":9}},"branchMap":{"0":{"loc":{"start":{"line":10,"column":8},"end":{"line":13,"column":9}},"type":"if","locations":[{"start":{"line":10,"column":8},"end":{"line":13,"column":9}},{"start":{},"end":{}}],"line":10}},"s":{"0":0,"1":0,"2":0,"3":0},"f":{"0":0,"1":0},"b":{"0":[0,0]}}
,"/home/runner/work/mobile-ai-story/mobile-ai-story/components/HeaderBox.tsx": {"path":"/home/runner/work/mobile-ai-story/mobile-ai-story/components/HeaderBox.tsx","statementMap":{"0":{"start":{"line":15,"column":35},"end":{"line":33,"column":1}},"1":{"start":{"line":21,"column":21},"end":{"line":21,"column":31}},"2":{"start":{"line":22,"column":2},"end":{"line":32,"column":4}},"3":{"start":{"line":37,"column":15},"end":{"line":61,"column":2}}},"fnMap":{"0":{"name":"(anonymous_0)","decl":{"start":{"line":15,"column":35},"end":{"line":15,"column":36}},"loc":{"start":{"line":20,"column":6},"end":{"line":33,"column":1}},"line":20}},"branchMap":{},"s":{"0":0,"1":0,"2":0,"3":0},"f":{"0":0},"b":{}}
,"/home/runner/work/mobile-ai-story/mobile-ai-story/components/HelloWave.tsx": {"path":"/home/runner/work/mobile-ai-story/mobile-ai-story/components/HelloWave.tsx","statementMap":{"0":{"start":{"line":14,"column":28},"end":{"line":14,"column":45}},"1":{"start":{"line":16,"column":2},"end":{"line":21,"column":26}},"2":{"start":{"line":17,"column":4},"end":{"line":20,"column":6}},"3":{"start":{"line":23,"column":24},"end":{"line":25,"column":5}},"4":{"start":{"line":23,"column":48},"end":{"line":25,"column":3}},"5":{"start":{"line":27,"column":2},"end":{"line":31,"column":4}},"6":{"start":{"line":34,"column":15},"end":{"line":40,"column":2}}},"fnMap":{"0":{"name":"HelloWave","decl":{"start":{"line":13,"column":16},"end":{"line":13,"column":25}},"loc":{"start":{"line":13,"column":28},"end":{"line":32,"column":1}},"line":13},"1":{"name":"(anonymous_1)","decl":{"start":{"line":16,"column":12},"end":{"line":16,"column":13}},"loc":{"start":{"line":16,"column":18},"end":{"line":21,"column":3}},"line":16},"2":{"name":"(anonymous_2)","decl":{"start":{"line":23,"column":41},"end":{"line":23,"column":42}},"loc":{"start":{"line":23,"column":48},"end":{"line":25,"column":3}},"line":23}},"branchMap":{},"s":{"0":0,"1":0,"2":0,"3":0,"4":0,"5":0,"6":0},"f":{"0":0,"1":0,"2":0},"b":{}}
,"/home/runner/work/mobile-ai-story/mobile-ai-story/components/ParallaxScrollView.tsx": {"path":"/home/runner/work/mobile-ai-story/mobile-ai-story/components/ParallaxScrollView.tsx","statementMap":{"0":{"start":{"line":14,"column":22},"end":{"line":14,"column":25}},"1":{"start":{"line":26,"column":22},"end":{"line":26,"column":49}},"2":{"start":{"line":27,"column":20},"end":{"line":27,"column":57}},"3":{"start":{"line":28,"column":23},"end":{"line":28,"column":53}},"4":{"start":{"line":29,"column":17},"end":{"line":29,"column":39}},"5":{"start":{"line":30,"column":30},"end":{"line":45,"column":4}},"6":{"start":{"line":31,"column":4},"end":{"line":44,"column":6}},"7":{"start":{"line":47,"column":2},"end":{"line":65,"column":4}},"8":{"start":{"line":68,"column":15},"end":{"line":82,"column":2}}},"fnMap":{"0":{"name":"ParallaxScrollView","decl":{"start":{"line":21,"column":24},"end":{"line":21,"column":42}},"loc":{"start":{"line":25,"column":10},"end":{"line":66,"column":1}},"line":25},"1":{"name":"(anonymous_1)","decl":{"start":{"line":30,"column":47},"end":{"line":30,"column":48}},"loc":{"start":{"line":30,"column":53},"end":{"line":45,"column":3}},"line":30}},"branchMap":{"0":{"loc":{"start":{"line":26,"column":22},"end":{"line":26,"column":49}},"type":"binary-expr","locations":[{"start":{"line":26,"column":22},"end":{"line":26,"column":38}},{"start":{"line":26,"column":42},"end":{"line":26,"column":49}}],"line":26}},"s":{"0":0,"1":0,"2":0,"3":0,"4":0,"5":0,"6":0,"7":0,"8":0},"f":{"0":0,"1":0},"b":{"0":[0,0]}}
,"/home/runner/work/mobile-ai-story/mobile-ai-story/components/RollCallModal.tsx": {"path":"/home/runner/work/mobile-ai-story/mobile-ai-story/components/RollCallModal.tsx","statementMap":{"0":{"start":{"line":19,"column":30},"end":{"line":19,"column":31}},"1":{"start":{"line":22,"column":42},"end":{"line":22,"column":57}},"2":{"start":{"line":23,"column":44},"end":{"line":23,"column":59}},"3":{"start":{"line":24,"column":42},"end":{"line":24,"column":56}},"4":{"start":{"line":27,"column":30},"end":{"line":32,"column":3}},"5":{"start":{"line":28,"column":21},"end":{"line":28,"column":43}},"6":{"start":{"line":29,"column":4},"end":{"line":31,"column":5}},"7":{"start":{"line":30,"column":6},"end":{"line":30,"column":36}},"8":{"start":{"line":34,"column":24},"end":{"line":47,"column":3}},"9":{"start":{"line":35,"column":4},"end":{"line":35,"column":29}},"10":{"start":{"line":35,"column":22},"end":{"line":35,"column":29}},"11":{"start":{"line":37,"column":4},"end":{"line":37,"column":26}},"12":{"start":{"line":38,"column":4},"end":{"line":46,"column":5}},"13":{"start":{"line":39,"column":6},"end":{"line":39,"column":23}},"14":{"start":{"line":40,"column":6},"end":{"line":40,"column":34}},"15":{"start":{"line":42,"column":6},"end":{"line":42,"column":47}},"16":{"start":{"line":43,"column":6},"end":{"line":43,"column":62}},"17":{"start":{"line":45,"column":6},"end":{"line":45,"column":29}},"18":{"start":{"line":49,"column":25},"end":{"line":61,"column":3}},"19":{"start":{"line":50,"column":4},"end":{"line":50,"column":30}},"20":{"start":{"line":50,"column":23},"end":{"line":50,"column":30}},"21":{"start":{"line":51,"column":4},"end":{"line":51,"column":27}},"22":{"start":{"line":52,"column":4},"end":{"line":60,"column":5}},"23":{"start":{"line":53,"column":6},"end":{"line":53,"column":29}},"24":{"start":{"line":54,"column":6},"end":{"line":54,"column":34}},"25":{"start":{"line":56,"column":6},"end":{"line":56,"column":48}},"26":{"start":{"line":57,"column":6},"end":{"line":57,"column":65}},"27":{"start":{"line":59,"column":6},"end":{"line":59,"column":30}},"28":{"start":{"line":63,"column":27},"end":{"line":63,"column":82}},"29":{"start":{"line":65,"column":2},"end":{"line":141,"column":4}},"30":{"start":{"line":81,"column":16},"end":{"line":101,"column":23}},"31":{"start":{"line":144,"column":15},"end":{"line":281,"column":2}}},"fnMap":{"0":{"name":"RollCallModal","decl":{"start":{"line":21,"column":24},"end":{"line":21,"column":37}},"loc":{"start":{"line":21,"column":67},"end":{"line":142,"column":1}},"line":21},"1":{"name":"(anonymous_1)","decl":{"start":{"line":27,"column":30},"end":{"line":27,"column":31}},"loc":{"start":{"line":27,"column":42},"end":{"line":32,"column":3}},"line":27},"2":{"name":"(anonymous_2)","decl":{"start":{"line":34,"column":24},"end":{"line":34,"column":25}},"loc":{"start":{"line":34,"column":36},"end":{"line":47,"column":3}},"line":34},"3":{"name":"(anonymous_3)","decl":{"start":{"line":49,"column":25},"end":{"line":49,"column":26}},"loc":{"start":{"line":49,"column":37},"end":{"line":61,"column":3}},"line":49},"4":{"name":"(anonymous_4)","decl":{"start":{"line":80,"column":42},"end":{"line":80,"column":43}},"loc":{"start":{"line":81,"column":16},"end":{"line":101,"column":23}},"line":81}},"branchMap":{"0":{"loc":{"start":{"line":29,"column":4},"end":{"line":31,"column":5}},"type":"if","locations":[{"start":{"line":29,"column":4},"end":{"line":31,"column":5}},{"start":{},"end":{}}],"line":29},"1":{"loc":{"start":{"line":29,"column":8},"end":{"line":29,"column":33}},"type":"binary-expr","locations":[{"start":{"line":29,"column":8},"end":{"line":29,"column":16}},{"start":{"line":29,"column":20},"end":{"line":29,"column":33}}],"line":29},"2":{"loc":{"start":{"line":35,"column":4},"end":{"line":35,"column":29}},"type":"if","locations":[{"start":{"line":35,"column":4},"end":{"line":35,"column":29}},{"start":{},"end":{}}],"line":35},"3":{"loc":{"start":{"line":50,"column":4},"end":{"line":50,"column":30}},"type":"if","locations":[{"start":{"line":50,"column":4},"end":{"line":50,"column":30}},{"start":{},"end":{}}],"line":50},"4":{"loc":{"start":{"line":63,"column":27},"end":{"line":63,"column":82}},"type":"binary-expr","locations":[{"start":{"line":63,"column":27},"end":{"line":63,"column":40}},{"start":{"line":63,"column":44},"end":{"line":63,"column":82}}],"line":63},"5":{"loc":{"start":{"line":67,"column":7},"end":{"line":67,"column":52}},"type":"binary-expr","locations":[{"start":{"line":67,"column":7},"end":{"line":67,"column":14}},{"start":{"line":67,"column":18},"end":{"line":67,"column":52}}],"line":67},"6":{"loc":{"start":{"line":85,"column":20},"end":{"line":85,"column":61}},"type":"binary-expr","locations":[{"start":{"line":85,"column":20},"end":{"line":85,"column":29}},{"start":{"line":85,"column":33},"end":{"line":85,"column":61}}],"line":85},"7":{"loc":{"start":{"line":99,"column":21},"end":{"line":99,"column":56}},"type":"cond-expr","locations":[{"start":{"line":99,"column":33},"end":{"line":99,"column":43}},{"start":{"line":99,"column":46},"end":{"line":99,"column":56}}],"line":99},"8":{"loc":{"start":{"line":107,"column":16},"end":{"line":107,"column":62}},"type":"binary-expr","locations":[{"start":{"line":107,"column":16},"end":{"line":107,"column":28}},{"start":{"line":107,"column":32},"end":{"line":107,"column":62}}],"line":107},"9":{"loc":{"start":{"line":113,"column":17},"end":{"line":113,"column":61}},"type":"cond-expr","locations":[{"start":{"line":113,"column":32},"end":{"line":113,"column":48}},{"start":{"line":113,"column":51},"end":{"line":113,"column":61}}],"line":113},"10":{"loc":{"start":{"line":119,"column":16},"end":{"line":119,"column":54}},"type":"binary-expr","locations":[{"start":{"line":119,"column":16},"end":{"line":119,"column":32}},{"start":{"line":119,"column":36},"end":{"line":119,"column":54}}],"line":119},"11":{"loc":{"start":{"line":125,"column":17},"end":{"line":125,"column":158}},"type":"cond-expr","locations":[{"start":{"line":125,"column":33},"end":{"line":125,"column":50}},{"start":{"line":125,"column":53},"end":{"line":125,"column":158}}],"line":125},"12":{"loc":{"start":{"line":125,"column":92},"end":{"line":125,"column":129}},"type":"binary-expr","locations":[{"start":{"line":125,"column":92},"end":{"line":125,"column":124}},{"start":{"line":125,"column":128},"end":{"line":125,"column":129}}],"line":125}},"s":{"0":0,"1":0,"2":0,"3":0,"4":0,"5":0,"6":0,"7":0,"8":0,"9":0,"10":0,"11":0,"12":0,"13":0,"14":0,"15":0,"16":0,"17":0,"18":0,"19":0,"20":0,"21":0,"22":0,"23":0,"24":0,"25":0,"26":0,"27":0,"28":0,"29":0,"30":0,"31":0},"f":{"0":0,"1":0,"2":0,"3":0,"4":0},"b":{"0":[0,0],"1":[0,0],"2":[0,0],"3":[0,0],"4":[0,0],"5":[0,0],"6":[0,0],"7":[0,0],"8":[0,0],"9":[0,0],"10":[0,0],"11":[0,0],"12":[0,0]}}
,"/home/runner/work/mobile-ai-story/mobile-ai-story/components/SplashScreen.tsx": {"path":"/home/runner/work/mobile-ai-story/mobile-ai-story/components/SplashScreen.tsx","statementMap":{"0":{"start":{"line":4,"column":26},"end":{"line":4,"column":50}},"1":{"start":{"line":7,"column":2},"end":{"line":15,"column":4}},"2":{"start":{"line":18,"column":15},"end":{"line":32,"column":2}}},"fnMap":{"0":{"name":"SplashScreen","decl":{"start":{"line":6,"column":24},"end":{"line":6,"column":36}},"loc":{"start":{"line":6,"column":39},"end":{"line":16,"column":1}},"line":6}},"branchMap":{},"s":{"0":0,"1":0,"2":0},"f":{"0":0},"b":{}}
,"/home/runner/work/mobile-ai-story/mobile-ai-story/components/TextApp.tsx": {"path":"/home/runner/work/mobile-ai-story/mobile-ai-story/components/TextApp.tsx","statementMap":{"0":{"start":{"line":8,"column":21},"end":{"line":8,"column":31}},"1":{"start":{"line":10,"column":2},"end":{"line":20,"column":4}}},"fnMap":{"0":{"name":"TextApp","decl":{"start":{"line":7,"column":24},"end":{"line":7,"column":31}},"loc":{"start":{"line":7,"column":76},"end":{"line":21,"column":1}},"line":7}},"branchMap":{},"s":{"0":0,"1":0},"f":{"0":0},"b":{}}
,"/home/runner/work/mobile-ai-story/mobile-ai-story/components/ThemedText.tsx": {"path":"/home/runner/work/mobile-ai-story/mobile-ai-story/components/ThemedText.tsx","statementMap":{"0":{"start":{"line":18,"column":16},"end":{"line":18,"column":77}},"1":{"start":{"line":20,"column":2},"end":{"line":33,"column":4}},"2":{"start":{"line":36,"column":15},"end":{"line":60,"column":2}}},"fnMap":{"0":{"name":"ThemedText","decl":{"start":{"line":11,"column":16},"end":{"line":11,"column":26}},"loc":{"start":{"line":17,"column":20},"end":{"line":34,"column":1}},"line":17}},"branchMap":{"0":{"loc":{"start":{"line":15,"column":2},"end":{"line":15,"column":18}},"type":"default-arg","locations":[{"start":{"line":15,"column":9},"end":{"line":15,"column":18}}],"line":15},"1":{"loc":{"start":{"line":24,"column":8},"end":{"line":24,"column":55}},"type":"cond-expr","locations":[{"start":{"line":24,"column":29},"end":{"line":24,"column":43}},{"start":{"line":24,"column":46},"end":{"line":24,"column":55}}],"line":24},"2":{"loc":{"start":{"line":25,"column":8},"end":{"line":25,"column":51}},"type":"cond-expr","locations":[{"start":{"line":25,"column":27},"end":{"line":25,"column":39}},{"start":{"line":25,"column":42},"end":{"line":25,"column":51}}],"line":25},"3":{"loc":{"start":{"line":26,"column":8},"end":{"line":26,"column":71}},"type":"cond-expr","locations":[{"start":{"line":26,"column":37},"end":{"line":26,"column":59}},{"start":{"line":26,"column":62},"end":{"line":26,"column":71}}],"line":26},"4":{"loc":{"start":{"line":27,"column":8},"end":{"line":27,"column":57}},"type":"cond-expr","locations":[{"start":{"line":27,"column":30},"end":{"line":27,"column":45}},{"start":{"line":27,"column":48},"end":{"line":27,"column":57}}],"line":27},"5":{"loc":{"start":{"line":28,"column":8},"end":{"line":28,"column":49}},"type":"cond-expr","locations":[{"start":{"line":28,"column":26},"end":{"line":28,"column":37}},{"start":{"line":28,"column":40},"end":{"line":28,"column":49}}],"line":28}},"s":{"0":0,"1":0,"2":0},"f":{"0":0},"b":{"0":[0],"1":[0,0],"2":[0,0],"3":[0,0],"4":[0,0],"5":[0,0]}}
,"/home/runner/work/mobile-ai-story/mobile-ai-story/components/ThemedView.tsx": {"path":"/home/runner/work/mobile-ai-story/mobile-ai-story/components/ThemedView.tsx","statementMap":{"0":{"start":{"line":11,"column":26},"end":{"line":11,"column":93}},"1":{"start":{"line":13,"column":2},"end":{"line":13,"column":71}}},"fnMap":{"0":{"name":"ThemedView","decl":{"start":{"line":10,"column":16},"end":{"line":10,"column":26}},"loc":{"start":{"line":10,"column":93},"end":{"line":14,"column":1}},"line":10}},"branchMap":{},"s":{"0":0,"1":0},"f":{"0":0},"b":{}}
,"/home/runner/work/mobile-ai-story/mobile-ai-story/components/ThreadItem.tsx": {"path":"/home/runner/work/mobile-ai-story/mobile-ai-story/components/ThreadItem.tsx","statementMap":{"0":{"start":{"line":14,"column":53},"end":{"line":45,"column":1}},"1":{"start":{"line":15,"column":21},"end":{"line":15,"column":83}},"2":{"start":{"line":17,"column":22},"end":{"line":19,"column":3}},"3":{"start":{"line":18,"column":4},"end":{"line":18,"column":88}},"4":{"start":{"line":21,"column":2},"end":{"line":44,"column":4}},"5":{"start":{"line":23,"column":41},"end":{"line":23,"column":68}},"6":{"start":{"line":47,"column":15},"end":{"line":85,"column":2}}},"fnMap":{"0":{"name":"(anonymous_0)","decl":{"start":{"line":14,"column":53},"end":{"line":14,"column":54}},"loc":{"start":{"line":14,"column":69},"end":{"line":45,"column":1}},"line":14},"1":{"name":"(anonymous_1)","decl":{"start":{"line":17,"column":22},"end":{"line":17,"column":23}},"loc":{"start":{"line":17,"column":28},"end":{"line":19,"column":3}},"line":17},"2":{"name":"(anonymous_2)","decl":{"start":{"line":23,"column":24},"end":{"line":23,"column":25}},"loc":{"start":{"line":23,"column":41},"end":{"line":23,"column":68}},"line":23}},"branchMap":{"0":{"loc":{"start":{"line":23,"column":41},"end":{"line":23,"column":68}},"type":"binary-expr","locations":[{"start":{"line":23,"column":41},"end":{"line":23,"column":48}},{"start":{"line":23,"column":52},"end":{"line":23,"column":68}}],"line":23},"1":{"loc":{"start":{"line":35,"column":9},"end":{"line":41,"column":9}},"type":"binary-expr","locations":[{"start":{"line":35,"column":9},"end":{"line":35,"column":21}},{"start":{"line":36,"column":10},"end":{"line":40,"column":12}}],"line":35}},"s":{"0":0,"1":0,"2":0,"3":0,"4":0,"5":0,"6":0},"f":{"0":0,"1":0,"2":0},"b":{"0":[0,0],"1":[0,0]}}
,"/home/runner/work/mobile-ai-story/mobile-ai-story/components/thread/MessageItem.tsx": {"path":"/home/runner/work/mobile-ai-story/mobile-ai-story/components/thread/MessageItem.tsx","statementMap":{"0":{"start":{"line":12,"column":37},"end":{"line":33,"column":1}},"1":{"start":{"line":13,"column":2},"end":{"line":21,"column":3}},"2":{"start":{"line":14,"column":4},"end":{"line":20,"column":5}},"3":{"start":{"line":22,"column":2},"end":{"line":31,"column":3}},"4":{"start":{"line":23,"column":4},"end":{"line":30,"column":5}},"5":{"start":{"line":32,"column":2},"end":{"line":32,"column":14}},"6":{"start":{"line":37,"column":15},"end":{"line":62,"column":2}}},"fnMap":{"0":{"name":"(anonymous_0)","decl":{"start":{"line":12,"column":37},"end":{"line":12,"column":38}},"loc":{"start":{"line":12,"column":51},"end":{"line":33,"column":1}},"line":12}},"branchMap":{"0":{"loc":{"start":{"line":13,"column":2},"end":{"line":21,"column":3}},"type":"if","locations":[{"start":{"line":13,"column":2},"end":{"line":21,"column":3}},{"start":{},"end":{}}],"line":13},"1":{"loc":{"start":{"line":22,"column":2},"end":{"line":31,"column":3}},"type":"if","locations":[{"start":{"line":22,"column":2},"end":{"line":31,"column":3}},{"start":{},"end":{}}],"line":22},"2":{"loc":{"start":{"line":22,"column":6},"end":{"line":22,"column":108}},"type":"binary-expr","locations":[{"start":{"line":22,"column":6},"end":{"line":22,"column":29}},{"start":{"line":22,"column":33},"end":{"line":22,"column":108}}],"line":22},"3":{"loc":{"start":{"line":25,"column":24},"end":{"line":25,"column":90}},"type":"cond-expr","locations":[{"start":{"line":25,"column":73},"end":{"line":25,"column":79}},{"start":{"line":25,"column":82},"end":{"line":25,"column":90}}],"line":25}},"s":{"0":0,"1":0,"2":0,"3":0,"4":0,"5":0,"6":0},"f":{"0":0},"b":{"0":[0,0],"1":[0,0],"2":[0,0],"3":[0,0]}}
,"/home/runner/work/mobile-ai-story/mobile-ai-story/components/thread/ThreadBottomAction.tsx": {"path":"/home/runner/work/mobile-ai-story/mobile-ai-story/components/thread/ThreadBottomAction.tsx","statementMap":{"0":{"start":{"line":14,"column":69},"end":{"line":65,"column":1}},"1":{"start":{"line":20,"column":21},"end":{"line":20,"column":60}},"2":{"start":{"line":22,"column":2},"end":{"line":29,"column":28}},"3":{"start":{"line":23,"column":4},"end":{"line":28,"column":15}},"4":{"start":{"line":31,"column":2},"end":{"line":64,"column":4}},"5":{"start":{"line":67,"column":15},"end":{"line":107,"column":2}}},"fnMap":{"0":{"name":"(anonymous_0)","decl":{"start":{"line":14,"column":69},"end":{"line":14,"column":70}},"loc":{"start":{"line":19,"column":6},"end":{"line":65,"column":1}},"line":19},"1":{"name":"(anonymous_1)","decl":{"start":{"line":22,"column":12},"end":{"line":22,"column":13}},"loc":{"start":{"line":22,"column":18},"end":{"line":29,"column":3}},"line":22}},"branchMap":{"0":{"loc":{"start":{"line":24,"column":15},"end":{"line":24,"column":32}},"type":"cond-expr","locations":[{"start":{"line":24,"column":25},"end":{"line":24,"column":26}},{"start":{"line":24,"column":29},"end":{"line":24,"column":32}}],"line":24}},"s":{"0":0,"1":0,"2":0,"3":0,"4":0,"5":0},"f":{"0":0,"1":0},"b":{"0":[0,0]}}
,"/home/runner/work/mobile-ai-story/mobile-ai-story/components/ui/IconSymbol.ios.tsx": {"path":"/home/runner/work/mobile-ai-story/mobile-ai-story/components/ui/IconSymbol.ios.tsx","statementMap":{"0":{"start":{"line":17,"column":2},"end":{"line":31,"column":4}}},"fnMap":{"0":{"name":"IconSymbol","decl":{"start":{"line":4,"column":16},"end":{"line":4,"column":26}},"loc":{"start":{"line":16,"column":3},"end":{"line":32,"column":1}},"line":16}},"branchMap":{"0":{"loc":{"start":{"line":6,"column":2},"end":{"line":6,"column":11}},"type":"default-arg","locations":[{"start":{"line":6,"column":9},"end":{"line":6,"column":11}}],"line":6},"1":{"loc":{"start":{"line":9,"column":2},"end":{"line":9,"column":20}},"type":"default-arg","locations":[{"start":{"line":9,"column":11},"end":{"line":9,"column":20}}],"line":9}},"s":{"0":0},"f":{"0":0},"b":{"0":[0],"1":[0]}}
,"/home/runner/work/mobile-ai-story/mobile-ai-story/components/ui/IconSymbol.tsx": {"path":"/home/runner/work/mobile-ai-story/mobile-ai-story/components/ui/IconSymbol.tsx","statementMap":{"0":{"start":{"line":16,"column":16},"end":{"line":23,"column":16}},"1":{"start":{"line":42,"column":2},"end":{"line":42,"column":88}}},"fnMap":{"0":{"name":"IconSymbol","decl":{"start":{"line":30,"column":16},"end":{"line":30,"column":26}},"loc":{"start":{"line":41,"column":3},"end":{"line":43,"column":1}},"line":41}},"branchMap":{"0":{"loc":{"start":{"line":32,"column":2},"end":{"line":32,"column":11}},"type":"default-arg","locations":[{"start":{"line":32,"column":9},"end":{"line":32,"column":11}}],"line":32}},"s":{"0":0,"1":0},"f":{"0":0},"b":{"0":[0]}}
,"/home/runner/work/mobile-ai-story/mobile-ai-story/components/ui/TabBarBackground.ios.tsx": {"path":"/home/runner/work/mobile-ai-story/mobile-ai-story/components/ui/TabBarBackground.ios.tsx","statementMap":{"0":{"start":{"line":6,"column":2},"end":{"line":14,"column":4}},"1":{"start":{"line":18,"column":2},"end":{"line":18,"column":33}}},"fnMap":{"0":{"name":"BlurTabBarBackground","decl":{"start":{"line":5,"column":24},"end":{"line":5,"column":44}},"loc":{"start":{"line":5,"column":47},"end":{"line":15,"column":1}},"line":5},"1":{"name":"useBottomTabOverflow","decl":{"start":{"line":17,"column":16},"end":{"line":17,"column":36}},"loc":{"start":{"line":17,"column":39},"end":{"line":19,"column":1}},"line":17}},"branchMap":{},"s":{"0":0,"1":0},"f":{"0":0,"1":0},"b":{}}
,"/home/runner/work/mobile-ai-story/mobile-ai-story/components/ui/TabBarBackground.tsx": {"path":"/home/runner/work/mobile-ai-story/mobile-ai-story/components/ui/TabBarBackground.tsx","statementMap":{"0":{"start":{"line":5,"column":2},"end":{"line":5,"column":11}}},"fnMap":{"0":{"name":"useBottomTabOverflow","decl":{"start":{"line":4,"column":16},"end":{"line":4,"column":36}},"loc":{"start":{"line":4,"column":39},"end":{"line":6,"column":1}},"line":4}},"branchMap":{},"s":{"0":0},"f":{"0":0},"b":{}}
,"/home/runner/work/mobile-ai-story/mobile-ai-story/hooks/useColorScheme.ts": {"path":"/home/runner/work/mobile-ai-story/mobile-ai-story/hooks/useColorScheme.ts","statementMap":{},"fnMap":{},"branchMap":{},"s":{},"f":{},"b":{},"_coverageSchema":"1a1c01bbd47fc00a2c39e90264f33305004495a9","hash":"c89d183ab0ca401a6ad35592692a5af71ca32005"}
,"/home/runner/work/mobile-ai-story/mobile-ai-story/hooks/useColorScheme.web.ts": {"path":"/home/runner/work/mobile-ai-story/mobile-ai-story/hooks/useColorScheme.web.ts","statementMap":{"0":{"start":{"line":8,"column":40},"end":{"line":8,"column":55}},"1":{"start":{"line":10,"column":2},"end":{"line":12,"column":9}},"2":{"start":{"line":11,"column":4},"end":{"line":11,"column":25}},"3":{"start":{"line":14,"column":22},"end":{"line":14,"column":40}},"4":{"start":{"line":16,"column":2},"end":{"line":18,"column":3}},"5":{"start":{"line":17,"column":4},"end":{"line":17,"column":23}},"6":{"start":{"line":20,"column":2},"end":{"line":20,"column":17}}},"fnMap":{"0":{"name":"useColorScheme","decl":{"start":{"line":7,"column":16},"end":{"line":7,"column":30}},"loc":{"start":{"line":7,"column":33},"end":{"line":21,"column":1}},"line":7},"1":{"name":"(anonymous_1)","decl":{"start":{"line":10,"column":12},"end":{"line":10,"column":13}},"loc":{"start":{"line":10,"column":18},"end":{"line":12,"column":3}},"line":10}},"branchMap":{"0":{"loc":{"start":{"line":16,"column":2},"end":{"line":18,"column":3}},"type":"if","locations":[{"start":{"line":16,"column":2},"end":{"line":18,"column":3}},{"start":{},"end":{}}],"line":16}},"s":{"0":0,"1":0,"2":0,"3":0,"4":0,"5":0,"6":0},"f":{"0":0,"1":0},"b":{"0":[0,0]}}
,"/home/runner/work/mobile-ai-story/mobile-ai-story/hooks/useThemeColor.ts": {"path":"/home/runner/work/mobile-ai-story/mobile-ai-story/hooks/useThemeColor.ts","statementMap":{"0":{"start":{"line":14,"column":16},"end":{"line":14,"column":22}},"1":{"start":{"line":15,"column":25},"end":{"line":15,"column":37}},"2":{"start":{"line":17,"column":2},"end":{"line":21,"column":3}},"3":{"start":{"line":18,"column":4},"end":{"line":18,"column":26}},"4":{"start":{"line":20,"column":4},"end":{"line":20,"column":36}},"5":{"start":{"line":25,"column":2},"end":{"line":25,"column":23}}},"fnMap":{"0":{"name":"useThemeColor","decl":{"start":{"line":9,"column":16},"end":{"line":9,"column":29}},"loc":{"start":{"line":12,"column":2},"end":{"line":22,"column":1}},"line":12},"1":{"name":"useGetThemeColor","decl":{"start":{"line":24,"column":16},"end":{"line":24,"column":32}},"loc":{"start":{"line":24,"column":58},"end":{"line":26,"column":1}},"line":24}},"branchMap":{"0":{"loc":{"start":{"line":17,"column":2},"end":{"line":21,"column":3}},"type":"if","locations":[{"start":{"line":17,"column":2},"end":{"line":21,"column":3}},{"start":{"line":19,"column":9},"end":{"line":21,"column":3}}],"line":17}},"s":{"0":2,"1":2,"2":2,"3":1,"4":1,"5":2},"f":{"0":2,"1":2},"b":{"0":[1,1]},"_coverageSchema":"1a1c01bbd47fc00a2c39e90264f33305004495a9","hash":"bb7fdda44c953b448f796bb9f1ec98895c935f2b"}
,"/home/runner/work/mobile-ai-story/mobile-ai-story/hooks/useThreadDetail.ts": {"path":"/home/runner/work/mobile-ai-story/mobile-ai-story/hooks/useThreadDetail.ts","statementMap":{"0":{"start":{"line":28,"column":18},"end":{"line":36,"column":1}},"1":{"start":{"line":38,"column":31},"end":{"line":266,"column":1}},"2":{"start":{"line":39,"column":21},"end":{"line":39,"column":83}},"3":{"start":{"line":40,"column":16},"end":{"line":40,"column":55}},"4":{"start":{"line":41,"column":33},"end":{"line":41,"column":45}},"5":{"start":{"line":42,"column":30},"end":{"line":42,"column":59}},"6":{"start":{"line":43,"column":32},"end":{"line":43,"column":46}},"7":{"start":{"line":44,"column":46},"end":{"line":44,"column":64}},"8":{"start":{"line":45,"column":34},"end":{"line":45,"column":49}},"9":{"start":{"line":46,"column":34},"end":{"line":46,"column":70}},"10":{"start":{"line":47,"column":28},"end":{"line":47,"column":57}},"11":{"start":{"line":48,"column":42},"end":{"line":48,"column":56}},"12":{"start":{"line":50,"column":28},"end":{"line":59,"column":22}},"13":{"start":{"line":51,"column":4},"end":{"line":58,"column":5}},"14":{"start":{"line":52,"column":30},"end":{"line":52,"column":52}},"15":{"start":{"line":53,"column":6},"end":{"line":55,"column":7}},"16":{"start":{"line":54,"column":8},"end":{"line":54,"column":45}},"17":{"start":{"line":57,"column":6},"end":{"line":57,"column":67}},"18":{"start":{"line":62,"column":28},"end":{"line":86,"column":8}},"19":{"start":{"line":68,"column":4},"end":{"line":85,"column":6}},"20":{"start":{"line":88,"column":20},"end":{"line":103,"column":35}},"21":{"start":{"line":89,"column":4},"end":{"line":102,"column":5}},"22":{"start":{"line":90,"column":23},"end":{"line":90,"column":55}},"23":{"start":{"line":91,"column":25},"end":{"line":96,"column":7}},"24":{"start":{"line":97,"column":6},"end":{"line":97,"column":32}},"25":{"start":{"line":99,"column":6},"end":{"line":99,"column":57}},"26":{"start":{"line":101,"column":6},"end":{"line":101,"column":31}},"27":{"start":{"line":105,"column":29},"end":{"line":109,"column":40}},"28":{"start":{"line":106,"column":4},"end":{"line":108,"column":5}},"29":{"start":{"line":107,"column":6},"end":{"line":107,"column":43}},"30":{"start":{"line":111,"column":27},"end":{"line":128,"column":16}},"31":{"start":{"line":112,"column":4},"end":{"line":127,"column":5}},"32":{"start":{"line":113,"column":6},"end":{"line":113,"column":23}},"33":{"start":{"line":114,"column":6},"end":{"line":114,"column":21}},"34":{"start":{"line":115,"column":23},"end":{"line":118,"column":8}},"35":{"start":{"line":119,"column":45},"end":{"line":119,"column":53}},"36":{"start":{"line":120,"column":6},"end":{"line":120,"column":35}},"37":{"start":{"line":121,"column":6},"end":{"line":121,"column":39}},"38":{"start":{"line":123,"column":6},"end":{"line":123,"column":48}},"39":{"start":{"line":124,"column":6},"end":{"line":124,"column":57}},"40":{"start":{"line":126,"column":6},"end":{"line":126,"column":24}},"41":{"start":{"line":130,"column":23},"end":{"line":132,"column":18}},"42":{"start":{"line":131,"column":4},"end":{"line":131,"column":24}},"43":{"start":{"line":134,"column":26},"end":{"line":149,"column":43}},"44":{"start":{"line":135,"column":4},"end":{"line":135,"column":48}},"45":{"start":{"line":135,"column":41},"end":{"line":135,"column":48}},"46":{"start":{"line":137,"column":4},"end":{"line":148,"column":5}},"47":{"start":{"line":138,"column":6},"end":{"line":138,"column":24}},"48":{"start":{"line":139,"column":23},"end":{"line":139,"column":55}},"49":{"start":{"line":140,"column":6},"end":{"line":142,"column":7}},"50":{"start":{"line":141,"column":8},"end":{"line":141,"column":63}},"51":{"start":{"line":141,"column":36},"end":{"line":141,"column":61}},"52":{"start":{"line":144,"column":6},"end":{"line":144,"column":53}},"53":{"start":{"line":145,"column":6},"end":{"line":145,"column":44}},"54":{"start":{"line":147,"column":6},"end":{"line":147,"column":25}},"55":{"start":{"line":151,"column":27},"end":{"line":172,"column":74}},"56":{"start":{"line":152,"column":4},"end":{"line":152,"column":25}},"57":{"start":{"line":153,"column":4},"end":{"line":171,"column":5}},"58":{"start":{"line":154,"column":6},"end":{"line":154,"column":30}},"59":{"start":{"line":155,"column":6},"end":{"line":155,"column":61}},"60":{"start":{"line":155,"column":34},"end":{"line":155,"column":59}},"61":{"start":{"line":156,"column":23},"end":{"line":156,"column":57}},"62":{"start":{"line":157,"column":25},"end":{"line":162,"column":7}},"63":{"start":{"line":163,"column":6},"end":{"line":163,"column":67}},"64":{"start":{"line":163,"column":36},"end":{"line":163,"column":65}},"65":{"start":{"line":165,"column":6},"end":{"line":165,"column":32}},"66":{"start":{"line":167,"column":6},"end":{"line":167,"column":54}},"67":{"start":{"line":168,"column":6},"end":{"line":168,"column":45}},"68":{"start":{"line":170,"column":6},"end":{"line":170,"column":31}},"69":{"start":{"line":174,"column":21},"end":{"line":201,"column":74}},"70":{"start":{"line":175,"column":4},"end":{"line":175,"column":25}},"71":{"start":{"line":176,"column":4},"end":{"line":200,"column":5}},"72":{"start":{"line":177,"column":6},"end":{"line":177,"column":30}},"73":{"start":{"line":178,"column":30},"end":{"line":183,"column":7}},"74":{"start":{"line":184,"column":6},"end":{"line":184,"column":72}},"75":{"start":{"line":184,"column":36},"end":{"line":184,"column":70}},"76":{"start":{"line":185,"column":23},"end":{"line":185,"column":53}},"77":{"start":{"line":186,"column":25},"end":{"line":191,"column":7}},"78":{"start":{"line":192,"column":6},"end":{"line":192,"column":67}},"79":{"start":{"line":192,"column":36},"end":{"line":192,"column":65}},"80":{"start":{"line":195,"column":6},"end":{"line":195,"column":32}},"81":{"start":{"line":197,"column":6},"end":{"line":197,"column":55}},"82":{"start":{"line":199,"column":6},"end":{"line":199,"column":31}},"83":{"start":{"line":203,"column":19},"end":{"line":234,"column":74}},"84":{"start":{"line":204,"column":4},"end":{"line":204,"column":25}},"85":{"start":{"line":205,"column":4},"end":{"line":233,"column":5}},"86":{"start":{"line":206,"column":6},"end":{"line":206,"column":30}},"87":{"start":{"line":207,"column":22},"end":{"line":210,"column":7}},"88":{"start":{"line":211,"column":28},"end":{"line":216,"column":7}},"89":{"start":{"line":217,"column":6},"end":{"line":217,"column":52}},"90":{"start":{"line":217,"column":26},"end":{"line":217,"column":50}},"91":{"start":{"line":218,"column":23},"end":{"line":218,"column":60}},"92":{"start":{"line":219,"column":25},"end":{"line":224,"column":7}},"93":{"start":{"line":225,"column":6},"end":{"line":225,"column":49}},"94":{"start":{"line":225,"column":26},"end":{"line":225,"column":47}},"95":{"start":{"line":228,"column":6},"end":{"line":228,"column":32}},"96":{"start":{"line":230,"column":6},"end":{"line":230,"column":54}},"97":{"start":{"line":232,"column":6},"end":{"line":232,"column":31}},"98":{"start":{"line":236,"column":25},"end":{"line":238,"column":18}},"99":{"start":{"line":237,"column":4},"end":{"line":237,"column":41}},"100":{"start":{"line":240,"column":2},"end":{"line":242,"column":25}},"101":{"start":{"line":241,"column":4},"end":{"line":241,"column":23}},"102":{"start":{"line":244,"column":2},"end":{"line":248,"column":28}},"103":{"start":{"line":245,"column":4},"end":{"line":247,"column":5}},"104":{"start":{"line":246,"column":6},"end":{"line":246,"column":18}},"105":{"start":{"line":250,"column":2},"end":{"line":265,"column":4}}},"fnMap":{"0":{"name":"(anonymous_0)","decl":{"start":{"line":38,"column":31},"end":{"line":38,"column":32}},"loc":{"start":{"line":38,"column":37},"end":{"line":266,"column":1}},"line":38},"1":{"name":"(anonymous_1)","decl":{"start":{"line":50,"column":40},"end":{"line":50,"column":41}},"loc":{"start":{"line":50,"column":52},"end":{"line":59,"column":3}},"line":50},"2":{"name":"(anonymous_2)","decl":{"start":{"line":62,"column":40},"end":{"line":62,"column":41}},"loc":{"start":{"line":67,"column":29},"end":{"line":86,"column":3}},"line":67},"3":{"name":"(anonymous_3)","decl":{"start":{"line":88,"column":32},"end":{"line":88,"column":33}},"loc":{"start":{"line":88,"column":44},"end":{"line":103,"column":3}},"line":88},"4":{"name":"(anonymous_4)","decl":{"start":{"line":105,"column":41},"end":{"line":105,"column":42}},"loc":{"start":{"line":105,"column":47},"end":{"line":109,"column":3}},"line":105},"5":{"name":"(anonymous_5)","decl":{"start":{"line":111,"column":39},"end":{"line":111,"column":40}},"loc":{"start":{"line":111,"column":51},"end":{"line":128,"column":3}},"line":111},"6":{"name":"(anonymous_6)","decl":{"start":{"line":130,"column":35},"end":{"line":130,"column":36}},"loc":{"start":{"line":130,"column":41},"end":{"line":132,"column":3}},"line":130},"7":{"name":"(anonymous_7)","decl":{"start":{"line":134,"column":38},"end":{"line":134,"column":39}},"loc":{"start":{"line":134,"column":50},"end":{"line":149,"column":3}},"line":134},"8":{"name":"(anonymous_8)","decl":{"start":{"line":141,"column":20},"end":{"line":141,"column":21}},"loc":{"start":{"line":141,"column":36},"end":{"line":141,"column":61}},"line":141},"9":{"name":"(anonymous_9)","decl":{"start":{"line":151,"column":39},"end":{"line":151,"column":40}},"loc":{"start":{"line":151,"column":51},"end":{"line":172,"column":3}},"line":151},"10":{"name":"(anonymous_10)","decl":{"start":{"line":155,"column":18},"end":{"line":155,"column":19}},"loc":{"start":{"line":155,"column":34},"end":{"line":155,"column":59}},"line":155},"11":{"name":"(anonymous_11)","decl":{"start":{"line":163,"column":18},"end":{"line":163,"column":19}},"loc":{"start":{"line":163,"column":36},"end":{"line":163,"column":65}},"line":163},"12":{"name":"(anonymous_12)","decl":{"start":{"line":174,"column":33},"end":{"line":174,"column":34}},"loc":{"start":{"line":174,"column":45},"end":{"line":201,"column":3}},"line":174},"13":{"name":"(anonymous_13)","decl":{"start":{"line":184,"column":18},"end":{"line":184,"column":19}},"loc":{"start":{"line":184,"column":36},"end":{"line":184,"column":70}},"line":184},"14":{"name":"(anonymous_14)","decl":{"start":{"line":192,"column":18},"end":{"line":192,"column":19}},"loc":{"start":{"line":192,"column":36},"end":{"line":192,"column":65}},"line":192},"15":{"name":"(anonymous_15)","decl":{"start":{"line":203,"column":31},"end":{"line":203,"column":32}},"loc":{"start":{"line":203,"column":43},"end":{"line":234,"column":3}},"line":203},"16":{"name":"(anonymous_16)","decl":{"start":{"line":217,"column":18},"end":{"line":217,"column":19}},"loc":{"start":{"line":217,"column":26},"end":{"line":217,"column":50}},"line":217},"17":{"name":"(anonymous_17)","decl":{"start":{"line":225,"column":18},"end":{"line":225,"column":19}},"loc":{"start":{"line":225,"column":26},"end":{"line":225,"column":47}},"line":225},"18":{"name":"(anonymous_18)","decl":{"start":{"line":236,"column":37},"end":{"line":236,"column":38}},"loc":{"start":{"line":236,"column":43},"end":{"line":238,"column":3}},"line":236},"19":{"name":"(anonymous_19)","decl":{"start":{"line":240,"column":12},"end":{"line":240,"column":13}},"loc":{"start":{"line":240,"column":18},"end":{"line":242,"column":3}},"line":240},"20":{"name":"(anonymous_20)","decl":{"start":{"line":244,"column":12},"end":{"line":244,"column":13}},"loc":{"start":{"line":244,"column":18},"end":{"line":248,"column":3}},"line":244}},"branchMap":{"0":{"loc":{"start":{"line":53,"column":6},"end":{"line":55,"column":7}},"type":"if","locations":[{"start":{"line":53,"column":6},"end":{"line":55,"column":7}},{"start":{},"end":{}}],"line":53},"1":{"loc":{"start":{"line":106,"column":4},"end":{"line":108,"column":5}},"type":"if","locations":[{"start":{"line":106,"column":4},"end":{"line":108,"column":5}},{"start":{},"end":{}}],"line":106},"2":{"loc":{"start":{"line":106,"column":9},"end":{"line":106,"column":34}},"type":"binary-expr","locations":[{"start":{"line":106,"column":9},"end":{"line":106,"column":29}},{"start":{"line":106,"column":33},"end":{"line":106,"column":34}}],"line":106},"3":{"loc":{"start":{"line":135,"column":4},"end":{"line":135,"column":48}},"type":"if","locations":[{"start":{"line":135,"column":4},"end":{"line":135,"column":48}},{"start":{},"end":{}}],"line":135},"4":{"loc":{"start":{"line":135,"column":8},"end":{"line":135,"column":39}},"type":"binary-expr","locations":[{"start":{"line":135,"column":8},"end":{"line":135,"column":27}},{"start":{"line":135,"column":31},"end":{"line":135,"column":39}}],"line":135},"5":{"loc":{"start":{"line":140,"column":6},"end":{"line":142,"column":7}},"type":"if","locations":[{"start":{"line":140,"column":6},"end":{"line":142,"column":7}},{"start":{},"end":{}}],"line":140},"6":{"loc":{"start":{"line":140,"column":10},"end":{"line":140,"column":59}},"type":"binary-expr","locations":[{"start":{"line":140,"column":10},"end":{"line":140,"column":33}},{"start":{"line":140,"column":37},"end":{"line":140,"column":59}}],"line":140},"7":{"loc":{"start":{"line":245,"column":4},"end":{"line":247,"column":5}},"type":"if","locations":[{"start":{"line":245,"column":4},"end":{"line":247,"column":5}},{"start":{},"end":{}}],"line":245}},"s":{"0":0,"1":0,"2":0,"3":0,"4":0,"5":0,"6":0,"7":0,"8":0,"9":0,"10":0,"11":0,"12":0,"13":0,"14":0,"15":0,"16":0,"17":0,"18":0,"19":0,"20":0,"21":0,"22":0,"23":0,"24":0,"25":0,"26":0,"27":0,"28":0,"29":0,"30":0,"31":0,"32":0,"33":0,"34":0,"35":0,"36":0,"37":0,"38":0,"39":0,"40":0,"41":0,"42":0,"43":0,"44":0,"45":0,"46":0,"47":0,"48":0,"49":0,"50":0,"51":0,"52":0,"53":0,"54":0,"55":0,"56":0,"57":0,"58":0,"59":0,"60":0,"61":0,"62":0,"63":0,"64":0,"65":0,"66":0,"67":0,"68":0,"69":0,"70":0,"71":0,"72":0,"73":0,"74":0,"75":0,"76":0,"77":0,"78":0,"79":0,"80":0,"81":0,"82":0,"83":0,"84":0,"85":0,"86":0,"87":0,"88":0,"89":0,"90":0,"91":0,"92":0,"93":0,"94":0,"95":0,"96":0,"97":0,"98":0,"99":0,"100":0,"101":0,"102":0,"103":0,"104":0,"105":0},"f":{"0":0,"1":0,"2":0,"3":0,"4":0,"5":0,"6":0,"7":0,"8":0,"9":0,"10":0,"11":0,"12":0,"13":0,"14":0,"15":0,"16":0,"17":0,"18":0,"19":0,"20":0},"b":{"0":[0,0],"1":[0,0],"2":[0,0],"3":[0,0],"4":[0,0],"5":[0,0],"6":[0,0],"7":[0,0]}}
,"/home/runner/work/mobile-ai-story/mobile-ai-story/src/config/ReactotronConfig.ts": {"path":"/home/runner/work/mobile-ai-story/mobile-ai-story/src/config/ReactotronConfig.ts","statementMap":{"0":{"start":{"line":4,"column":0},"end":{"line":18,"column":13}},"1":{"start":{"line":15,"column":36},"end":{"line":15,"column":41}}},"fnMap":{"0":{"name":"(anonymous_0)","decl":{"start":{"line":15,"column":20},"end":{"line":15,"column":21}},"loc":{"start":{"line":15,"column":36},"end":{"line":15,"column":41}},"line":15}},"branchMap":{},"s":{"0":0,"1":0},"f":{"0":0},"b":{}}
,"/home/runner/work/mobile-ai-story/mobile-ai-story/src/config/purchases.ts": {"path":"/home/runner/work/mobile-ai-story/mobile-ai-story/src/config/purchases.ts","statementMap":{"0":{"start":{"line":2,"column":33},"end":{"line":12,"column":1}},"1":{"start":{"line":15,"column":28},"end":{"line":17,"column":1}}},"fnMap":{},"branchMap":{},"s":{"0":1,"1":1},"f":{},"b":{},"_coverageSchema":"1a1c01bbd47fc00a2c39e90264f33305004495a9","hash":"12a8754d09c86a6cd5173a7ec99c630502e355dc"}
,"/home/runner/work/mobile-ai-story/mobile-ai-story/src/hooks/useSubscription.ts": {"path":"/home/runner/work/mobile-ai-story/mobile-ai-story/src/hooks/useSubscription.ts","statementMap":{"0":{"start":{"line":7,"column":31},"end":{"line":49,"column":1}},"1":{"start":{"line":8,"column":42},"end":{"line":8,"column":57}},"2":{"start":{"line":9,"column":36},"end":{"line":9,"column":50}},"3":{"start":{"line":10,"column":42},"end":{"line":10,"column":56}},"4":{"start":{"line":12,"column":34},"end":{"line":33,"column":3}},"5":{"start":{"line":13,"column":4},"end":{"line":32,"column":5}},"6":{"start":{"line":14,"column":6},"end":{"line":14,"column":25}},"7":{"start":{"line":17,"column":6},"end":{"line":17,"column":46}},"8":{"start":{"line":20,"column":19},"end":{"line":20,"column":63}},"9":{"start":{"line":21,"column":6},"end":{"line":21,"column":28}},"10":{"start":{"line":24,"column":25},"end":{"line":24,"column":64}},"11":{"start":{"line":25,"column":6},"end":{"line":25,"column":34}},"12":{"start":{"line":28,"column":6},"end":{"line":28,"column":66}},"13":{"start":{"line":29,"column":6},"end":{"line":29,"column":29}},"14":{"start":{"line":31,"column":6},"end":{"line":31,"column":26}},"15":{"start":{"line":35,"column":2},"end":{"line":37,"column":9}},"16":{"start":{"line":36,"column":4},"end":{"line":36,"column":30}},"17":{"start":{"line":39,"column":36},"end":{"line":41,"column":3}},"18":{"start":{"line":40,"column":4},"end":{"line":40,"column":30}},"19":{"start":{"line":43,"column":2},"end":{"line":48,"column":4}}},"fnMap":{"0":{"name":"(anonymous_0)","decl":{"start":{"line":7,"column":31},"end":{"line":7,"column":32}},"loc":{"start":{"line":7,"column":37},"end":{"line":49,"column":1}},"line":7},"1":{"name":"(anonymous_1)","decl":{"start":{"line":12,"column":34},"end":{"line":12,"column":35}},"loc":{"start":{"line":12,"column":46},"end":{"line":33,"column":3}},"line":12},"2":{"name":"(anonymous_2)","decl":{"start":{"line":35,"column":12},"end":{"line":35,"column":13}},"loc":{"start":{"line":35,"column":18},"end":{"line":37,"column":3}},"line":35},"3":{"name":"(anonymous_3)","decl":{"start":{"line":39,"column":36},"end":{"line":39,"column":37}},"loc":{"start":{"line":39,"column":42},"end":{"line":41,"column":3}},"line":39}},"branchMap":{},"s":{"0":3,"1":2,"2":2,"3":2,"4":2,"5":2,"6":2,"7":2,"8":2,"9":2,"10":2,"11":2,"12":0,"13":0,"14":2,"15":2,"16":2,"17":2,"18":0,"19":2},"f":{"0":2,"1":2,"2":2,"3":0},"b":{},"_coverageSchema":"1a1c01bbd47fc00a2c39e90264f33305004495a9","hash":"ce5ec8c51422c186cb8e2d38ea144ab28810afcf"}
,"/home/runner/work/mobile-ai-story/mobile-ai-story/src/services/inAppPurchase.ts": {"path":"/home/runner/work/mobile-ai-story/mobile-ai-story/src/services/inAppPurchase.ts","statementMap":{"0":{"start":{"line":12,"column":32},"end":{"line":15,"column":1}},"1":{"start":{"line":34,"column":26},"end":{"line":34,"column":31}},"2":{"start":{"line":35,"column":46},"end":{"line":35,"column":50}},"3":{"start":{"line":38,"column":4},"end":{"line":64,"column":5}},"4":{"start":{"line":39,"column":6},"end":{"line":41,"column":7}},"5":{"start":{"line":40,"column":8},"end":{"line":40,"column":20}},"6":{"start":{"line":44,"column":6},"end":{"line":46,"column":7}},"7":{"start":{"line":45,"column":8},"end":{"line":45,"column":47}},"8":{"start":{"line":49,"column":6},"end":{"line":53,"column":7}},"9":{"start":{"line":50,"column":8},"end":{"line":50,"column":77}},"10":{"start":{"line":51,"column":13},"end":{"line":53,"column":7}},"11":{"start":{"line":52,"column":8},"end":{"line":52,"column":81}},"12":{"start":{"line":56,"column":6},"end":{"line":56,"column":60}},"13":{"start":{"line":57,"column":6},"end":{"line":57,"column":32}},"14":{"start":{"line":59,"column":6},"end":{"line":59,"column":57}},"15":{"start":{"line":60,"column":6},"end":{"line":60,"column":18}},"16":{"start":{"line":62,"column":6},"end":{"line":62,"column":63}},"17":{"start":{"line":63,"column":6},"end":{"line":63,"column":19}},"18":{"start":{"line":68,"column":4},"end":{"line":106,"column":5}},"19":{"start":{"line":69,"column":6},"end":{"line":74,"column":7}},"20":{"start":{"line":70,"column":28},"end":{"line":70,"column":51}},"21":{"start":{"line":71,"column":8},"end":{"line":73,"column":9}},"22":{"start":{"line":72,"column":10},"end":{"line":72,"column":67}},"23":{"start":{"line":77,"column":24},"end":{"line":77,"column":54}},"24":{"start":{"line":78,"column":30},"end":{"line":78,"column":47}},"25":{"start":{"line":80,"column":6},"end":{"line":83,"column":7}},"26":{"start":{"line":81,"column":8},"end":{"line":81,"column":54}},"27":{"start":{"line":82,"column":8},"end":{"line":82,"column":18}},"28":{"start":{"line":85,"column":46},"end":{"line":85,"column":48}},"29":{"start":{"line":88,"column":6},"end":{"line":100,"column":9}},"30":{"start":{"line":89,"column":24},"end":{"line":89,"column":35}},"31":{"start":{"line":90,"column":8},"end":{"line":99,"column":11}},"32":{"start":{"line":102,"column":6},"end":{"line":102,"column":22}},"33":{"start":{"line":104,"column":6},"end":{"line":104,"column":66}},"34":{"start":{"line":105,"column":6},"end":{"line":105,"column":18}},"35":{"start":{"line":110,"column":4},"end":{"line":154,"column":5}},"36":{"start":{"line":111,"column":6},"end":{"line":116,"column":7}},"37":{"start":{"line":112,"column":28},"end":{"line":112,"column":51}},"38":{"start":{"line":113,"column":8},"end":{"line":115,"column":9}},"39":{"start":{"line":114,"column":10},"end":{"line":114,"column":67}},"40":{"start":{"line":119,"column":24},"end":{"line":119,"column":54}},"41":{"start":{"line":120,"column":30},"end":{"line":120,"column":47}},"42":{"start":{"line":122,"column":6},"end":{"line":124,"column":7}},"43":{"start":{"line":123,"column":8},"end":{"line":123,"column":57}},"44":{"start":{"line":127,"column":32},"end":{"line":129,"column":7}},"45":{"start":{"line":128,"column":35},"end":{"line":128,"column":76}},"46":{"start":{"line":131,"column":6},"end":{"line":133,"column":7}},"47":{"start":{"line":132,"column":8},"end":{"line":132,"column":77}},"48":{"start":{"line":136,"column":28},"end":{"line":136,"column":78}},"49":{"start":{"line":137,"column":6},"end":{"line":137,"column":53}},"50":{"start":{"line":140,"column":44},"end":{"line":143,"column":7}},"51":{"start":{"line":145,"column":6},"end":{"line":145,"column":53}},"52":{"start":{"line":147,"column":6},"end":{"line":150,"column":8}},"53":{"start":{"line":152,"column":6},"end":{"line":152,"column":47}},"54":{"start":{"line":153,"column":6},"end":{"line":153,"column":58}},"55":{"start":{"line":158,"column":4},"end":{"line":176,"column":5}},"56":{"start":{"line":159,"column":6},"end":{"line":164,"column":7}},"57":{"start":{"line":160,"column":28},"end":{"line":160,"column":51}},"58":{"start":{"line":161,"column":8},"end":{"line":163,"column":9}},"59":{"start":{"line":162,"column":10},"end":{"line":162,"column":67}},"60":{"start":{"line":166,"column":27},"end":{"line":166,"column":61}},"61":{"start":{"line":167,"column":6},"end":{"line":167,"column":39}},"62":{"start":{"line":169,"column":6},"end":{"line":172,"column":8}},"63":{"start":{"line":174,"column":6},"end":{"line":174,"column":59}},"64":{"start":{"line":175,"column":6},"end":{"line":175,"column":18}},"65":{"start":{"line":180,"column":4},"end":{"line":194,"column":5}},"66":{"start":{"line":181,"column":6},"end":{"line":186,"column":7}},"67":{"start":{"line":182,"column":28},"end":{"line":182,"column":51}},"68":{"start":{"line":183,"column":8},"end":{"line":185,"column":9}},"69":{"start":{"line":184,"column":10},"end":{"line":184,"column":22}},"70":{"start":{"line":188,"column":27},"end":{"line":188,"column":60}},"71":{"start":{"line":189,"column":6},"end":{"line":189,"column":39}},"72":{"start":{"line":190,"column":6},"end":{"line":190,"column":26}},"73":{"start":{"line":192,"column":6},"end":{"line":192,"column":59}},"74":{"start":{"line":193,"column":6},"end":{"line":193,"column":18}},"75":{"start":{"line":198,"column":4},"end":{"line":200,"column":5}},"76":{"start":{"line":199,"column":6},"end":{"line":199,"column":19}},"77":{"start":{"line":203,"column":4},"end":{"line":203,"column":73}},"78":{"start":{"line":207,"column":4},"end":{"line":209,"column":5}},"79":{"start":{"line":208,"column":6},"end":{"line":208,"column":19}},"80":{"start":{"line":211,"column":4},"end":{"line":214,"column":5}},"81":{"start":{"line":213,"column":6},"end":{"line":213,"column":78}},"82":{"start":{"line":217,"column":4},"end":{"line":217,"column":35}},"83":{"start":{"line":221,"column":4},"end":{"line":221,"column":31}},"84":{"start":{"line":222,"column":4},"end":{"line":222,"column":29}},"85":{"start":{"line":227,"column":36},"end":{"line":227,"column":62}}},"fnMap":{"0":{"name":"(anonymous_0)","decl":{"start":{"line":37,"column":2},"end":{"line":37,"column":3}},"loc":{"start":{"line":37,"column":39},"end":{"line":65,"column":3}},"line":37},"1":{"name":"(anonymous_1)","decl":{"start":{"line":67,"column":2},"end":{"line":67,"column":3}},"loc":{"start":{"line":67,"column":63},"end":{"line":107,"column":3}},"line":67},"2":{"name":"(anonymous_2)","decl":{"start":{"line":88,"column":48},"end":{"line":88,"column":49}},"loc":{"start":{"line":88,"column":75},"end":{"line":100,"column":7}},"line":88},"3":{"name":"(anonymous_3)","decl":{"start":{"line":109,"column":2},"end":{"line":109,"column":3}},"loc":{"start":{"line":109,"column":113},"end":{"line":155,"column":3}},"line":109},"4":{"name":"(anonymous_4)","decl":{"start":{"line":128,"column":8},"end":{"line":128,"column":9}},"loc":{"start":{"line":128,"column":35},"end":{"line":128,"column":76}},"line":128},"5":{"name":"(anonymous_5)","decl":{"start":{"line":157,"column":2},"end":{"line":157,"column":3}},"loc":{"start":{"line":157,"column":87},"end":{"line":177,"column":3}},"line":157},"6":{"name":"(anonymous_6)","decl":{"start":{"line":179,"column":2},"end":{"line":179,"column":3}},"loc":{"start":{"line":179,"column":56},"end":{"line":195,"column":3}},"line":179},"7":{"name":"(anonymous_7)","decl":{"start":{"line":197,"column":2},"end":{"line":197,"column":3}},"loc":{"start":{"line":197,"column":30},"end":{"line":204,"column":3}},"line":197},"8":{"name":"(anonymous_8)","decl":{"start":{"line":206,"column":2},"end":{"line":206,"column":3}},"loc":{"start":{"line":206,"column":58},"end":{"line":218,"column":3}},"line":206},"9":{"name":"(anonymous_9)","decl":{"start":{"line":220,"column":2},"end":{"line":220,"column":3}},"loc":{"start":{"line":220,"column":18},"end":{"line":223,"column":3}},"line":220}},"branchMap":{"0":{"loc":{"start":{"line":39,"column":6},"end":{"line":41,"column":7}},"type":"if","locations":[{"start":{"line":39,"column":6},"end":{"line":41,"column":7}},{"start":{},"end":{}}],"line":39},"1":{"loc":{"start":{"line":44,"column":6},"end":{"line":46,"column":7}},"type":"if","locations":[{"start":{"line":44,"column":6},"end":{"line":46,"column":7}},{"start":{},"end":{}}],"line":44},"2":{"loc":{"start":{"line":49,"column":6},"end":{"line":53,"column":7}},"type":"if","locations":[{"start":{"line":49,"column":6},"end":{"line":53,"column":7}},{"start":{"line":51,"column":13},"end":{"line":53,"column":7}}],"line":49},"3":{"loc":{"start":{"line":51,"column":13},"end":{"line":53,"column":7}},"type":"if","locations":[{"start":{"line":51,"column":13},"end":{"line":53,"column":7}},{"start":{},"end":{}}],"line":51},"4":{"loc":{"start":{"line":69,"column":6},"end":{"line":74,"column":7}},"type":"if","locations":[{"start":{"line":69,"column":6},"end":{"line":74,"column":7}},{"start":{},"end":{}}],"line":69},"5":{"loc":{"start":{"line":71,"column":8},"end":{"line":73,"column":9}},"type":"if","locations":[{"start":{"line":71,"column":8},"end":{"line":73,"column":9}},{"start":{},"end":{}}],"line":71},"6":{"loc":{"start":{"line":80,"column":6},"end":{"line":83,"column":7}},"type":"if","locations":[{"start":{"line":80,"column":6},"end":{"line":83,"column":7}},{"start":{},"end":{}}],"line":80},"7":{"loc":{"start":{"line":111,"column":6},"end":{"line":116,"column":7}},"type":"if","locations":[{"start":{"line":111,"column":6},"end":{"line":116,"column":7}},{"start":{},"end":{}}],"line":111},"8":{"loc":{"start":{"line":113,"column":8},"end":{"line":115,"column":9}},"type":"if","locations":[{"start":{"line":113,"column":8},"end":{"line":115,"column":9}},{"start":{},"end":{}}],"line":113},"9":{"loc":{"start":{"line":122,"column":6},"end":{"line":124,"column":7}},"type":"if","locations":[{"start":{"line":122,"column":6},"end":{"line":124,"column":7}},{"start":{},"end":{}}],"line":122},"10":{"loc":{"start":{"line":131,"column":6},"end":{"line":133,"column":7}},"type":"if","locations":[{"start":{"line":131,"column":6},"end":{"line":133,"column":7}},{"start":{},"end":{}}],"line":131},"11":{"loc":{"start":{"line":153,"column":22},"end":{"line":153,"column":56}},"type":"binary-expr","locations":[{"start":{"line":153,"column":22},"end":{"line":153,"column":35}},{"start":{"line":153,"column":39},"end":{"line":153,"column":56}}],"line":153},"12":{"loc":{"start":{"line":159,"column":6},"end":{"line":164,"column":7}},"type":"if","locations":[{"start":{"line":159,"column":6},"end":{"line":164,"column":7}},{"start":{},"end":{}}],"line":159},"13":{"loc":{"start":{"line":161,"column":8},"end":{"line":163,"column":9}},"type":"if","locations":[{"start":{"line":161,"column":8},"end":{"line":163,"column":9}},{"start":{},"end":{}}],"line":161},"14":{"loc":{"start":{"line":181,"column":6},"end":{"line":186,"column":7}},"type":"if","locations":[{"start":{"line":181,"column":6},"end":{"line":186,"column":7}},{"start":{},"end":{}}],"line":181},"15":{"loc":{"start":{"line":183,"column":8},"end":{"line":185,"column":9}},"type":"if","locations":[{"start":{"line":183,"column":8},"end":{"line":185,"column":9}},{"start":{},"end":{}}],"line":183},"16":{"loc":{"start":{"line":198,"column":4},"end":{"line":200,"column":5}},"type":"if","locations":[{"start":{"line":198,"column":4},"end":{"line":200,"column":5}},{"start":{},"end":{}}],"line":198},"17":{"loc":{"start":{"line":207,"column":4},"end":{"line":209,"column":5}},"type":"if","locations":[{"start":{"line":207,"column":4},"end":{"line":209,"column":5}},{"start":{},"end":{}}],"line":207},"18":{"loc":{"start":{"line":211,"column":4},"end":{"line":214,"column":5}},"type":"if","locations":[{"start":{"line":211,"column":4},"end":{"line":214,"column":5}},{"start":{},"end":{}}],"line":211}},"s":{"0":0,"1":0,"2":0,"3":0,"4":0,"5":0,"6":0,"7":0,"8":0,"9":0,"10":0,"11":0,"12":0,"13":0,"14":0,"15":0,"16":0,"17":0,"18":0,"19":0,"20":0,"21":0,"22":0,"23":0,"24":0,"25":0,"26":0,"27":0,"28":0,"29":0,"30":0,"31":0,"32":0,"33":0,"34":0,"35":0,"36":0,"37":0,"38":0,"39":0,"40":0,"41":0,"42":0,"43":0,"44":0,"45":0,"46":0,"47":0,"48":0,"49":0,"50":0,"51":0,"52":0,"53":0,"54":0,"55":0,"56":0,"57":0,"58":0,"59":0,"60":0,"61":0,"62":0,"63":0,"64":0,"65":0,"66":0,"67":0,"68":0,"69":0,"70":0,"71":0,"72":0,"73":0,"74":0,"75":0,"76":0,"77":0,"78":0,"79":0,"80":0,"81":0,"82":0,"83":0,"84":0,"85":0},"f":{"0":0,"1":0,"2":0,"3":0,"4":0,"5":0,"6":0,"7":0,"8":0,"9":0},"b":{"0":[0,0],"1":[0,0],"2":[0,0],"3":[0,0],"4":[0,0],"5":[0,0],"6":[0,0],"7":[0,0],"8":[0,0],"9":[0,0],"10":[0,0],"11":[0,0],"12":[0,0],"13":[0,0],"14":[0,0],"15":[0,0],"16":[0,0],"17":[0,0],"18":[0,0]}}
,"/home/runner/work/mobile-ai-story/mobile-ai-story/src/services/notificationService.ts": {"path":"/home/runner/work/mobile-ai-story/mobile-ai-story/src/services/notificationService.ts","statementMap":{},"fnMap":{},"branchMap":{},"s":{},"f":{},"b":{}}
,"/home/runner/work/mobile-ai-story/mobile-ai-story/src/services/api/client.ts": {"path":"/home/runner/work/mobile-ai-story/mobile-ai-story/src/services/api/client.ts","statementMap":{"0":{"start":{"line":6,"column":33},"end":{"line":10,"column":2}},"1":{"start":{"line":13,"column":25},"end":{"line":13,"column":53}}},"fnMap":{},"branchMap":{},"s":{"0":0,"1":0},"f":{},"b":{}}
,"/home/runner/work/mobile-ai-story/mobile-ai-story/src/services/api/config.ts": {"path":"/home/runner/work/mobile-ai-story/mobile-ai-story/src/services/api/config.ts","statementMap":{"0":{"start":{"line":2,"column":30},"end":{"line":4,"column":1}},"1":{"start":{"line":6,"column":16},"end":{"line":6,"column":44}},"2":{"start":{"line":9,"column":26},"end":{"line":20,"column":1}},"3":{"start":{"line":23,"column":25},"end":{"line":40,"column":1}}},"fnMap":{},"branchMap":{},"s":{"0":2,"1":2,"2":2,"3":2},"f":{},"b":{},"_coverageSchema":"1a1c01bbd47fc00a2c39e90264f33305004495a9","hash":"9d4ad739911f19415796207c0c3625c8cc887ccf"}
,"/home/runner/work/mobile-ai-story/mobile-ai-story/src/services/api/inAppPurchase.ts": {"path":"/home/runner/work/mobile-ai-story/mobile-ai-story/src/services/api/inAppPurchase.ts","statementMap":{"0":{"start":{"line":10,"column":32},"end":{"line":21,"column":1}},"1":{"start":{"line":13,"column":4},"end":{"line":19,"column":5}},"2":{"start":{"line":14,"column":23},"end":{"line":14,"column":93}},"3":{"start":{"line":15,"column":6},"end":{"line":15,"column":27}},"4":{"start":{"line":17,"column":6},"end":{"line":17,"column":57}},"5":{"start":{"line":18,"column":6},"end":{"line":18,"column":18}}},"fnMap":{"0":{"name":"(anonymous_0)","decl":{"start":{"line":12,"column":18},"end":{"line":12,"column":19}},"loc":{"start":{"line":12,"column":91},"end":{"line":20,"column":3}},"line":12}},"branchMap":{},"s":{"0":0,"1":0,"2":0,"3":0,"4":0,"5":0},"f":{"0":0},"b":{}}
,"/home/runner/work/mobile-ai-story/mobile-ai-story/src/services/api/index.ts": {"path":"/home/runner/work/mobile-ai-story/mobile-ai-story/src/services/api/index.ts","statementMap":{"0":{"start":{"line":28,"column":23},"end":{"line":65,"column":1}},"1":{"start":{"line":31,"column":4},"end":{"line":31,"column":68}},"2":{"start":{"line":35,"column":4},"end":{"line":35,"column":75}},"3":{"start":{"line":39,"column":4},"end":{"line":39,"column":74}},"4":{"start":{"line":43,"column":4},"end":{"line":43,"column":76}},"5":{"start":{"line":47,"column":4},"end":{"line":47,"column":71}},"6":{"start":{"line":51,"column":4},"end":{"line":55,"column":5}},"7":{"start":{"line":52,"column":6},"end":{"line":52,"column":101}},"8":{"start":{"line":54,"column":6},"end":{"line":54,"column":71}},"9":{"start":{"line":60,"column":4},"end":{"line":60,"column":69}},"10":{"start":{"line":64,"column":19},"end":{"line":64,"column":35}}},"fnMap":{"0":{"name":"(anonymous_0)","decl":{"start":{"line":30,"column":7},"end":{"line":30,"column":8}},"loc":{"start":{"line":31,"column":4},"end":{"line":31,"column":68}},"line":31},"1":{"name":"(anonymous_1)","decl":{"start":{"line":34,"column":8},"end":{"line":34,"column":9}},"loc":{"start":{"line":35,"column":4},"end":{"line":35,"column":75}},"line":35},"2":{"name":"(anonymous_2)","decl":{"start":{"line":38,"column":7},"end":{"line":38,"column":8}},"loc":{"start":{"line":39,"column":4},"end":{"line":39,"column":74}},"line":39},"3":{"name":"(anonymous_3)","decl":{"start":{"line":42,"column":9},"end":{"line":42,"column":10}},"loc":{"start":{"line":43,"column":4},"end":{"line":43,"column":76}},"line":43},"4":{"name":"(anonymous_4)","decl":{"start":{"line":46,"column":10},"end":{"line":46,"column":11}},"loc":{"start":{"line":47,"column":4},"end":{"line":47,"column":71}},"line":47},"5":{"name":"(anonymous_5)","decl":{"start":{"line":50,"column":16},"end":{"line":50,"column":17}},"loc":{"start":{"line":50,"column":42},"end":{"line":56,"column":3}},"line":50},"6":{"name":"(anonymous_6)","decl":{"start":{"line":59,"column":18},"end":{"line":59,"column":19}},"loc":{"start":{"line":59,"column":24},"end":{"line":61,"column":3}},"line":59},"7":{"name":"(anonymous_7)","decl":{"start":{"line":64,"column":13},"end":{"line":64,"column":14}},"loc":{"start":{"line":64,"column":19},"end":{"line":64,"column":35}},"line":64}},"branchMap":{"0":{"loc":{"start":{"line":30,"column":50},"end":{"line":30,"column":81}},"type":"default-arg","locations":[{"start":{"line":30,"column":79},"end":{"line":30,"column":81}}],"line":30},"1":{"loc":{"start":{"line":34,"column":51},"end":{"line":34,"column":65}},"type":"default-arg","locations":[{"start":{"line":34,"column":63},"end":{"line":34,"column":65}}],"line":34},"2":{"loc":{"start":{"line":34,"column":67},"end":{"line":34,"column":98}},"type":"default-arg","locations":[{"start":{"line":34,"column":96},"end":{"line":34,"column":98}}],"line":34},"3":{"loc":{"start":{"line":38,"column":50},"end":{"line":38,"column":64}},"type":"default-arg","locations":[{"start":{"line":38,"column":62},"end":{"line":38,"column":64}}],"line":38},"4":{"loc":{"start":{"line":38,"column":66},"end":{"line":38,"column":97}},"type":"default-arg","locations":[{"start":{"line":38,"column":95},"end":{"line":38,"column":97}}],"line":38},"5":{"loc":{"start":{"line":42,"column":52},"end":{"line":42,"column":66}},"type":"default-arg","locations":[{"start":{"line":42,"column":64},"end":{"line":42,"column":66}}],"line":42},"6":{"loc":{"start":{"line":42,"column":68},"end":{"line":42,"column":99}},"type":"default-arg","locations":[{"start":{"line":42,"column":97},"end":{"line":42,"column":99}}],"line":42},"7":{"loc":{"start":{"line":46,"column":53},"end":{"line":46,"column":84}},"type":"default-arg","locations":[{"start":{"line":46,"column":82},"end":{"line":46,"column":84}}],"line":46},"8":{"loc":{"start":{"line":51,"column":4},"end":{"line":55,"column":5}},"type":"if","locations":[{"start":{"line":51,"column":4},"end":{"line":55,"column":5}},{"start":{"line":53,"column":11},"end":{"line":55,"column":5}}],"line":51}},"s":{"0":0,"1":0,"2":0,"3":0,"4":0,"5":0,"6":0,"7":0,"8":0,"9":0,"10":0},"f":{"0":0,"1":0,"2":0,"3":0,"4":0,"5":0,"6":0,"7":0},"b":{"0":[0],"1":[0],"2":[0],"3":[0],"4":[0],"5":[0],"6":[0],"7":[0],"8":[0,0]}}
,"/home/runner/work/mobile-ai-story/mobile-ai-story/src/services/api/interceptors.ts": {"path":"/home/runner/work/mobile-ai-story/mobile-ai-story/src/services/api/interceptors.ts","statementMap":{"0":{"start":{"line":15,"column":19},"end":{"line":15,"column":24}},"1":{"start":{"line":16,"column":37},"end":{"line":16,"column":39}},"2":{"start":{"line":18,"column":21},"end":{"line":27,"column":1}},"3":{"start":{"line":19,"column":2},"end":{"line":25,"column":5}},"4":{"start":{"line":20,"column":4},"end":{"line":24,"column":5}},"5":{"start":{"line":21,"column":6},"end":{"line":21,"column":25}},"6":{"start":{"line":22,"column":11},"end":{"line":24,"column":5}},"7":{"start":{"line":23,"column":6},"end":{"line":23,"column":26}},"8":{"start":{"line":26,"column":2},"end":{"line":26,"column":19}},"9":{"start":{"line":29,"column":33},"end":{"line":98,"column":1}},"10":{"start":{"line":31,"column":2},"end":{"line":44,"column":4}},"11":{"start":{"line":33,"column":24},"end":{"line":33,"column":47}},"12":{"start":{"line":35,"column":6},"end":{"line":37,"column":7}},"13":{"start":{"line":36,"column":8},"end":{"line":36,"column":74}},"14":{"start":{"line":39,"column":6},"end":{"line":39,"column":20}},"15":{"start":{"line":42,"column":6},"end":{"line":42,"column":35}},"16":{"start":{"line":47,"column":2},"end":{"line":95,"column":4}},"17":{"start":{"line":48,"column":33},"end":{"line":48,"column":41}},"18":{"start":{"line":50,"column":30},"end":{"line":50,"column":95}},"19":{"start":{"line":53,"column":6},"end":{"line":91,"column":7}},"20":{"start":{"line":57,"column":8},"end":{"line":68,"column":9}},"21":{"start":{"line":58,"column":10},"end":{"line":67,"column":15}},"22":{"start":{"line":59,"column":12},"end":{"line":59,"column":50}},"23":{"start":{"line":62,"column":14},"end":{"line":62,"column":89}},"24":{"start":{"line":63,"column":14},"end":{"line":63,"column":47}},"25":{"start":{"line":66,"column":14},"end":{"line":66,"column":41}},"26":{"start":{"line":70,"column":8},"end":{"line":70,"column":38}},"27":{"start":{"line":71,"column":8},"end":{"line":71,"column":28}},"28":{"start":{"line":73,"column":8},"end":{"line":90,"column":9}},"29":{"start":{"line":74,"column":36},"end":{"line":74,"column":59}},"30":{"start":{"line":75,"column":27},"end":{"line":75,"column":48}},"31":{"start":{"line":77,"column":10},"end":{"line":81,"column":11}},"3
[...]
,"/home/runner/work/mobile-ai-story/mobile-ai-story/src/store/types.ts": {"path":"/home/runner/work/mobile-ai-story/mobile-ai-story/src/store/types.ts","statementMap":{},"fnMap":{},"branchMap":{},"s":{},"f":{},"b":{}}
,"/home/runner/work/mobile-ai-story/mobile-ai-story/src/store/useAuthStore.ts": {"path":"/home/runner/work/mobile-ai-story/mobile-ai-story/src/store/useAuthStore.ts","statementMap":{"0":{"start":{"line":12,"column":22},"end":{"line":22,"column":1}},"1":{"start":{"line":14,"column":4},"end":{"line":14,"column":58}},"2":{"start":{"line":17,"column":4},"end":{"line":17,"column":48}},"3":{"start":{"line":20,"column":4},"end":{"line":20,"column":44}},"4":{"start":{"line":34,"column":32},"end":{"line":38,"column":1}},"5":{"start":{"line":40,"column":28},"end":{"line":96,"column":1}},"6":{"start":{"line":42,"column":19},"end":{"line":85,"column":5}},"7":{"start":{"line":45,"column":8},"end":{"line":45,"column":45}},"8":{"start":{"line":47,"column":8},"end":{"line":47,"column":71}},"9":{"start":{"line":49,"column":8},"end":{"line":49,"column":32}},"10":{"start":{"line":51,"column":8},"end":{"line":51,"column":28}},"11":{"start":{"line":53,"column":8},"end":{"line":83,"column":9}},"12":{"start":{"line":55,"column":27},"end":{"line":55,"column":46}},"13":{"start":{"line":56,"column":10},"end":{"line":58,"column":11}},"14":{"start":{"line":57,"column":12},"end":{"line":57,"column":24}},"15":{"start":{"line":59,"column":27},"end":{"line":59,"column":83}},"16":{"start":{"line":60,"column":10},"end":{"line":76,"column":11}},"17":{"start":{"line":61,"column":30},"end":{"line":61,"column":43}},"18":{"start":{"line":62,"column":12},"end":{"line":62,"column":34}},"19":{"start":{"line":65,"column":12},"end":{"line":73,"column":13}},"20":{"start":{"line":66,"column":38},"end":{"line":66,"column":60}},"21":{"start":{"line":67,"column":14},"end":{"line":69,"column":15}},"22":{"start":{"line":68,"column":16},"end":{"line":68,"column":59}},"23":{"start":{"line":71,"column":14},"end":{"line":71,"column":75}},"24":{"start":{"line":75,"column":12},"end":{"line":75,"column":25}},"25":{"start":{"line":78,"column":10},"end":{"line":78,"column":22}},"26":{"start":{"line":80,"column":10},"end":{"line":80,"column":58}},"27":{"start":{"line":81,"column":10},"end":{"line":81,"column":29}},"28":{"start":{"line":82,"column":10},"end":{"line":82,"column":22}},"29":{"start":{"line":88,"column":39},"end":{"line":88,"column":52}},"30":{"start":{"line":89,"column":30},"end":{"line":93,"column":7}},"31":{"start":{"line":99,"column":28},"end":{"line":99,"column":70}},"32":{"start":{"line":99,"column":34},"end":{"line":99,"column":70}},"33":{"start":{"line":99,"column":58},"end":{"line":99,"column":69}},"34":{"start":{"line":100,"column":34},"end":{"line":100,"column":86}},"35":{"start":{"line":100,"column":40},"end":{"line":100,"column":86}},"36":{"start":{"line":100,"column":64},"end":{"line":100,"column":85}},"37":{"start":{"line":101,"column":30},"end":{"line":101,"column":78}},"38":{"start":{"line":101,"column":36},"end":{"line":101,"column":78}},"39":{"start":{"line":101,"column":60},"end":{"line":101,"column":77}},"40":{"start":{"line":102,"column":30},"end":{"line":107,"column":2}},"41":{"start":{"line":102,"column":37},"end":{"line":107,"column":1}},"42":{"start":{"line":103,"column":36},"end":{"line":103,"column":50}},"43":{"start":{"line":104,"column":38},"end":{"line":104,"column":54}},"44":{"start":{"line":105,"column":44},"end":{"line":105,"column":66}},"45":{"start":{"line":106,"column":42},"end":{"line":106,"column":62}}},"fnMap":{"0":{"name":"(anonymous_0)","decl":{"start":{"line":13,"column":11},"end":{"line":13,"column":12}},"loc":{"start":{"line":13,"column":59},"end":{"line":15,"column":3}},"line":13},"1":{"name":"(anonymous_1)","decl":{"start":{"line":16,"column":11},"end":{"line":16,"column":12}},"loc":{"start":{"line":16,"column":65},"end":{"line":18,"column":3}},"line":16},"2":{"name":"(anonymous_2)","decl":{"start":{"line":19,"column":14},"end":{"line":19,"column":15}},"loc":{"start":{"line":19,"column":53},"end":{"line":21,"column":3}},"line":19},"3":{"name":"(anonymous_3)","decl":{"start":{"line":42,"column":4},"end":{"line":42,"column":5}},"loc":{"start":{"line":42,"column":19},"end":{"line":85,"column":5}},"line":42},"4":{"name":"(anonymous_4)","decl":{"start":{"line":44,"column":16},"end":{"line":44,"column":17}},"loc":{"start":{"line":45,"column":8},"end":{"line":45,"column":45}},"line":45},"5":{"name":"(anonymous_5)","decl":{"start":{"line":46,"column":18},"end":{"line":46,"column":19}},"loc":{"start":{"line":47,"column":8},"end":{"line":47,"column":71}},"line":47},"6":{"name":"(anonymous_6)","decl":{"start":{"line":48,"column":24},"end":{"line":48,"column":25}},"loc":{"start":{"line":49,"column":8},"end":{"line":49,"column":32}},"line":49},"7":{"name":"(anonymous_7)","decl":{"start":{"line":50,"column":22},"end":{"line":50,"column":23}},"loc":{"start":{"line":51,"column":8},"end":{"line":51,"column":28}},"line":51},"8":{"name":"(anonymous_8)","decl":{"start":{"line":52,"column":21},"end":{"line":52,"column":22}},"loc":{"start":{"line":52,"column":57},"end":{"line":84,"column":7}},"line":52},"9":{"name":"(anonymous_9)","decl":{"start":{"line":88,"column":33},"end":{"line":88,"column":34}},"loc":{"start":{"line":88,"column":39},"end":{"line":88,"column":52}},"line":88},"10":{"name":"(anonymous_10)","decl":{"start":{"line":89,"column":18},"end":{"line":89,"column":19}},"loc":{"start":{"line":89,"column":30},"end":{"line":93,"column":7}},"line":89},"11":{"name":"(anonymous_11)","decl":{"start":{"line":99,"column":28},"end":{"line":99,"column":29}},"loc":{"start":{"line":99,"column":34},"end":{"line":99,"column":70}},"line":99},"12":{"name":"(anonymous_12)","decl":{"start":{"line":99,"column":47},"end":{"line":99,"column":48}},"loc":{"start":{"line":99,"column":58},"end":{"line":99,"column":69}},"line":99},"13":{"name":"(anonymous_13)","decl":{"start":{"line":100,"column":34},"end":{"line":100,"column":35}},"loc":{"start":{"line":100,"column":40},"end":{"line":100,"column":86}},"line":100},"14":{"name":"(anonymous_14)","decl":{"start":{"line":100,"column":53},"end":{"line":100,"column":54}},"loc":{"start":{"line":100,"column":64},"end":{"line":100,"column":85}},"line":100},"15":{"name":"(anonymous_15)","decl":{"start":{"line":101,"column":30},"end":{"line":101,"column":31}},"loc":{"start":{"line":101,"column":36},"end":{"line":101,"column":78}},"line":101},"16":{"name":"(anonymous_16)","decl":{"start":{"line":101,"column":49},"end":{"line":101,"column":50}},"loc":{"start":{"line":101,"column":60},"end":{"line":101,"column":77}},"line":101},"17":{"name":"(anonymous_17)","decl":{"start":{"line":102,"column":30},"end":{"line":102,"column":31}},"loc":{"start":{"line":102,"column":37},"end":{"line":107,"column":1}},"line":102},"18":{"name":"(anonymous_18)","decl":{"start":{"line":103,"column":25},"end":{"line":103,"column":26}},"loc":{"start":{"line":103,"column":36},"end":{"line":103,"column":50}},"line":103},"19":{"name":"(anonymous_19)","decl":{"start":{"line":104,"column":27},"end":{"line":104,"column":28}},"loc":{"start":{"line":104,"column":38},"end":{"line":104,"column":54}},"line":104},"20":{"name":"(anonymous_20)","decl":{"start":{"line":105,"column":33},"end":{"line":105,"column":34}},"loc":{"start":{"line":105,"column":44},"end":{"line":105,"column":66}},"line":105},"21":{"name":"(anonymous_21)","decl":{"start":{"line":106,"column":31},"end":{"line":106,"column":32}},"loc":{"start":{"line":106,"column":42},"end":{"line":106,"column":62}},"line":106}},"branchMap":{"0":{"loc":{"start":{"line":14,"column":11},"end":{"line":14,"column":57}},"type":"binary-expr","locations":[{"start":{"line":14,"column":12},"end":{"line":14,"column":48}},{"start":{"line":14,"column":53},"end":{"line":14,"column":57}}],"line":14},"1":{"loc":{"start":{"line":56,"column":10},"end":{"line":58,"column":11}},"type":"if","locations":[{"start":{"line":56,"column":10},"end":{"line":58,"column":11}},{"start":{},"end":{}}],"line":56},"2":{"loc":{"start":{"line":60,"column":10},"end":{"line":76,"column":11}},"type":"if","locations":[{"start":{"line":60,"column":10},"end":{"line":76,"column":11}},{"start":{},"end":{}}],"line":60},"3":{"loc":{"start":{"line":67,"column":14},"end":{"line":69,"column":15}},"type":"if","locations":[{"start":{"line":67,"column":14},"end":{"line":69,"column":15}},{"start":{},"end":{}}],"line":67}},"s":{"0":0,"1":0,"2":0,"3":0,"4":0,"5":0,"6":0,"7":0,"8":0,"9":0,"10":0,"11":0,"12":0,"13":0,"14":0,"15":0,"16":0,"17":0,"18":0,"19":0,"20":0,"21":0,"22":0,"23":0,"24":0,"25":0,"26":0,"27":0,"28":0,"29":0,"30":0,"31":0,"32":0,"33":0,"34":0,"35":0,"36":0,"37":0,"38":0,"39":0,"40":0,"41":0,"42":0,"43":0,"44":0,"45":0},"f":{"0":0,"1":0,"2":0,"3":0,"4":0,"5":0,"6":0,"7":0,"8":0,"9":0,"10":0,"11":0,"12":0,"13":0,"14":0,"15":0,"16":0,"17":0,"18":0,"19":0,"20":0,"21":0},"b":{"0":[0,0],"1":[0,0],"2":[0,0],"3":[0,0]}}
,"/home/runner/work/mobile-ai-story/mobile-ai-story/src/utils/devices.ts": {"path":"/home/runner/work/mobile-ai-story/mobile-ai-story/src/utils/devices.ts","statementMap":{"0":{"start":{"line":5,"column":2},"end":{"line":5,"column":105}}},"fnMap":{"0":{"name":"getDeviceId","decl":{"start":{"line":4,"column":30},"end":{"line":4,"column":41}},"loc":{"start":{"line":4,"column":44},"end":{"line":6,"column":1}},"line":4}},"branchMap":{"0":{"loc":{"start":{"line":5,"column":9},"end":{"line":5,"column":104}},"type":"cond-expr","locations":[{"start":{"line":5,"column":33},"end":{"line":5,"column":75}},{"start":{"line":5,"column":78},"end":{"line":5,"column":104}}],"line":5}},"s":{"0":2},"f":{"0":2},"b":{"0":[1,1]},"_coverageSchema":"1a1c01bbd47fc00a2c39e90264f33305004495a9","hash":"73833981e78e5d932219974fda638b5bb6ceef97"}
,"/home/runner/work/mobile-ai-story/mobile-ai-story/src/utils/index.ts": {"path":"/home/runner/work/mobile-ai-story/mobile-ai-story/src/utils/index.ts","statementMap":{"0":{"start":{"line":3,"column":28},"end":{"line":3,"column":58}},"1":{"start":{"line":4,"column":29},"end":{"line":4,"column":60}}},"fnMap":{},"branchMap":{},"s":{"0":2,"1":2},"f":{},"b":{},"_coverageSchema":"1a1c01bbd47fc00a2c39e90264f33305004495a9","hash":"48b67a9361e86a698bb0654486a72efdf511bc3f"}
,"/home/runner/work/mobile-ai-story/mobile-ai-story/src/utils/purchaseTestHelper.ts": {"path":"/home/runner/work/mobile-ai-story/mobile-ai-story/src/utils/purchaseTestHelper.ts","statementMap":{"0":{"start":{"line":13,"column":4},"end":{"line":13,"column":59}},"1":{"start":{"line":15,"column":4},"end":{"line":27,"column":5}},"2":{"start":{"line":16,"column":21},"end":{"line":16,"column":60}},"3":{"start":{"line":17,"column":6},"end":{"line":23,"column":7}},"4":{"start":{"line":18,"column":8},"end":{"line":18,"column":61}},"5":{"start":{"line":19,"column":8},"end":{"line":19,"column":20}},"6":{"start":{"line":21,"column":8},"end":{"line":21,"column":58}},"7":{"start":{"line":22,"column":8},"end":{"line":22,"column":21}},"8":{"start":{"line":25,"column":6},"end":{"line":25,"column":63}},"9":{"start":{"line":26,"column":6},"end":{"line":26,"column":19}},"10":{"start":{"line":34,"column":4},"end":{"line":34,"column":50}},"11":{"start":{"line":36,"column":4},"end":{"line":66,"column":5}},"12":{"start":{"line":37,"column":23},"end":{"line":37,"column":72}},"13":{"start":{"line":38,"column":6},"end":{"line":38,"column":71}},"14":{"start":{"line":40,"column":6},"end":{"line":46,"column":9}},"15":{"start":{"line":41,"column":8},"end":{"line":45,"column":11}},"16":{"start":{"line":49,"column":28},"end":{"line":49,"column":87}},"17":{"start":{"line":49,"column":47},"end":{"line":49,"column":86}},"18":{"start":{"line":50,"column":28},"end":{"line":50,"column":87}},"19":{"start":{"line":50,"column":47},"end":{"line":50,"column":86}},"20":{"start":{"line":52,"column":6},"end":{"line":56,"column":7}},"21":{"start":{"line":53,"column":8},"end":{"line":53,"column":59}},"22":{"start":{"line":55,"column":8},"end":{"line":55,"column":65}},"23":{"start":{"line":58,"column":6},"end":{"line":62,"column":7}},"24":{"start":{"line":59,"column":8},"end":{"line":59,"column":59}},"25":{"start":{"line":61,"column":8},"end":{"line":61,"column":65}},"26":{"start":{"line":65,"column":6},"end":{"line":65,"column":54}},"27":{"start":{"line":73,"column":4},"end":{"line":73,"column":47}},"28":{"start":{"line":75,"column":4},"end":{"line":91,"column":5}},"29":{"start":{"line":76,"column":27},"end":{"line":76,"column":71}},"30":{"start":{"line":77,"column":6},"end":{"line":88,"column":7}},"31":{"start":{"line":78,"column":8},"end":{"line":78,"column":62}},"32":{"start":{"line":79,"column":8},"end":{"line":79,"column":71}},"33":{"start":{"line":80,"column":8},"end":{"line":80,"column":62}},"34":{"start":{"line":81,"column":8},"end":{"line":81,"column":94}},"35":{"start":{"line":82,"column":8},"end":{"line":82,"column":82}},"36":{"start":{"line":84,"column":29},"end":{"line":84,"column":68}},"37":{"start":{"line":85,"column":8},"end":{"line":85,"column":55}},"38":{"start":{"line":87,"column":8},"end":{"line":87,"column":53}},"39":{"start":{"line":90,"column":6},"end":{"line":90,"column":51}},"40":{"start":{"line":98,"column":4},"end":{"line":98,"column":63}},"41":{"start":{"line":100,"column":24},"end":{"line":100,"column":55}},"42":{"start":{"line":101,"column":4},"end":{"line":101,"column":22}},"43":{"start":{"line":103,"column":4},"end":{"line":115,"column":5}},"44":{"start":{"line":104,"column":6},"end":{"line":104,"column":39}},"45":{"start":{"line":105,"column":6},"end":{"line":105,"column":24}},"46":{"start":{"line":107,"column":6},"end":{"line":107,"column":36}},"47":{"start":{"line":108,"column":6},"end":{"line":108,"column":24}},"48":{"start":{"line":110,"column":6},"end":{"line":110,"column":44}},"49":{"start":{"line":111,"column":6},"end":{"line":111,"column":96}},"50":{"start":{"line":113,"column":6},"end":{"line":113,"column":69}},"51":{"start":{"line":114,"column":6},"end":{"line":114,"column":89}},"52":{"start":{"line":128,"column":39},"end":{"line":130,"column":1}},"53":{"start":{"line":129,"column":2},"end":{"line":129,"column":35}}},"fnMap":{"0":{"name":"(anonymous_0)","decl":{"start":{"line":12,"column":2},"end":{"line":12,"column":3}},"loc":{"start":{"line":12,"column":54},"end":{"line":28,"column":3}},"line":12},"1":{"name":"(anonymous_1)","decl":{"start":{"line":33,"column":2},"end":{"line":33,"column":3}},"loc":{"start":{"line":33,"column":52},"end":{"line":67,"column":3}},"line":33},"2":{"name":"(anonymous_2)","decl":{"start":{"line":40,"column":23},"end":{"line":40,"column":24}},"loc":{"start":{"line":40,"column":43},"end":{"line":46,"column":7}},"line":40},"3":{"name":"(anonymous_3)","decl":{"start":{"line":49,"column":42},"end":{"line":49,"column":43}},"loc":{"start":{"line":49,"column":47},"end":{"line":49,"column":86}},"line":49},"4":{"name":"(anonymous_4)","decl":{"start":{"line":50,"column":42},"end":{"line":50,"column":43}},"loc":{"start":{"line":50,"column":47},"end":{"line":50,"column":86}},"line":50},"5":{"name":"(anonymous_5)","decl":{"start":{"line":72,"column":2},"end":{"line":72,"column":3}},"loc":{"start":{"line":72,"column":49},"end":{"line":92,"column":3}},"line":72},"6":{"name":"(anonymous_6)","decl":{"start":{"line":97,"column":2},"end":{"line":97,"column":3}},"loc":{"start":{"line":97,"column":44},"end":{"line":116,"column":3}},"line":97},"7":{"name":"(anonymous_7)","decl":{"start":{"line":128,"column":39},"end":{"line":128,"column":40}},"loc":{"start":{"line":128,"column":45},"end":{"line":130,"column":1}},"line":128}},"branchMap":{"0":{"loc":{"start":{"line":17,"column":6},"end":{"line":23,"column":7}},"type":"if","locations":[{"start":{"line":17,"column":6},"end":{"line":23,"column":7}},{"start":{"line":20,"column":13},"end":{"line":23,"column":7}}],"line":17},"1":{"loc":{"start":{"line":52,"column":6},"end":{"line":56,"column":7}},"type":"if","locations":[{"start":{"line":52,"column":6},"end":{"line":56,"column":7}},{"start":{"line":54,"column":13},"end":{"line":56,"column":7}}],"line":52},"2":{"loc":{"start":{"line":58,"column":6},"end":{"line":62,"column":7}},"type":"if","locations":[{"start":{"line":58,"column":6},"end":{"line":62,"column":7}},{"start":{"line":60,"column":13},"end":{"line":62,"column":7}}],"line":58},"3":{"loc":{"start":{"line":77,"column":6},"end":{"line":88,"column":7}},"type":"if","locations":[{"start":{"line":77,"column":6},"end":{"line":88,"column":7}},{"start":{"line":86,"column":13},"end":{"line":88,"column":7}}],"line":77},"4":{"loc":{"start":{"line":103,"column":4},"end":{"line":115,"column":5}},"type":"if","locations":[{"start":{"line":103,"column":4},"end":{"line":115,"column":5}},{"start":{"line":112,"column":11},"end":{"line":115,"column":5}}],"line":103}},"s":{"0":5,"1":5,"2":5,"3":4,"4":2,"5":2,"6":2,"7":2,"8":1,"9":1,"10":3,"11":3,"12":3,"13":2,"14":2,"15":2,"16":2,"17":1,"18":2,"19":2,"20":2,"21":1,"22":1,"23":2,"24":1,"25":1,"26":1,"27":3,"28":3,"29":3,"30":3,"31":1,"32":1,"33":1,"34":1,"35":1,"36":1,"37":1,"38":2,"39":0,"40":2,"41":2,"42":2,"43":2,"44":1,"45":1,"46":1,"47":1,"48":1,"49":1,"50":1,"51":1,"52":9,"53":0},"f":{"0":5,"1":3,"2":2,"3":1,"4":2,"5":3,"6":2,"7":0},"b":{"0":[2,2],"1":[1,1],"2":[1,1],"3":[1,2],"4":[1,1]},"_coverageSchema":"1a1c01bbd47fc00a2c39e90264f33305004495a9","hash":"8535e742af0f6417dc1ac9827a0da45034c613c8"}
,"/home/runner/work/mobile-ai-story/mobile-ai-story/src/utils/toast.ts": {"path":"/home/runner/work/mobile-ai-story/mobile-ai-story/src/utils/toast.ts","statementMap":{"0":{"start":{"line":3,"column":25},"end":{"line":9,"column":1}},"1":{"start":{"line":4,"column":2},"end":{"line":8,"column":5}},"2":{"start":{"line":11,"column":32},"end":{"line":13,"column":1}},"3":{"start":{"line":12,"column":2},"end":{"line":12,"column":43}},"4":{"start":{"line":15,"column":30},"end":{"line":17,"column":1}},"5":{"start":{"line":16,"column":2},"end":{"line":16,"column":39}}},"fnMap":{"0":{"name":"(anonymous_0)","decl":{"start":{"line":3,"column":25},"end":{"line":3,"column":26}},"loc":{"start":{"line":3,"column":121},"end":{"line":9,"column":1}},"line":3},"1":{"name":"(anonymous_1)","decl":{"start":{"line":11,"column":32},"end":{"line":11,"column":33}},"loc":{"start":{"line":11,"column":53},"end":{"line":13,"column":1}},"line":11},"2":{"name":"(anonymous_2)","decl":{"start":{"line":15,"column":30},"end":{"line":15,"column":31}},"loc":{"start":{"line":15,"column":51},"end":{"line":17,"column":1}},"line":15}},"branchMap":{"0":{"loc":{"start":{"line":3,"column":43},"end":{"line":3,"column":68}},"type":"default-arg","locations":[{"start":{"line":3,"column":59},"end":{"line":3,"column":68}}],"line":3},"1":{"loc":{"start":{"line":3,"column":70},"end":{"line":3,"column":116}},"type":"default-arg","locations":[{"start":{"line":3,"column":107},"end":{"line":3,"column":116}}],"line":3}},"s":{"0":1,"1":4,"2":1,"3":1,"4":1,"5":1},"f":{"0":4,"1":1,"2":1},"b":{"0":[1],"1":[1]},"_coverageSchema":"1a1c01bbd47fc00a2c39e90264f33305004495a9","hash":"77bc621e87a0a526322e7bfb3fd4757e4a88502c"}
}
